#
# There is insufficient memory for the Java Runtime Environment to continue.
# Native memory allocation (malloc) failed to allocate 88368 bytes for Chunk::new
# Possible reasons:
#   The system is out of physical RAM or swap space
#   In 32 bit mode, the process size limit was hit
# Possible solutions:
#   Reduce memory load on the system
#   Increase physical memory or swap space
#   Check if swap backing store is full
#   Use 64 bit Java on a 64 bit OS
#   Decrease Java heap size (-Xmx/-Xms)
#   Decrease number of Java threads
#   Decrease Java thread stack sizes (-Xss)
#   Set larger code cache with -XX:ReservedCodeCacheSize=
# This output file may be truncated or incomplete.
#
#  Out of Memory Error (allocation.cpp:390), pid=18208, tid=0x0000000000001d78
#
# JRE version: Java(TM) SE Runtime Environment (8.0_191-b12) (build 1.8.0_191-b12)
# Java VM: Java HotSpot(TM) 64-Bit Server VM (25.191-b12 mixed mode windows-amd64 compressed oops)
# Failed to write core dump. Minidumps are not enabled by default on client versions of Windows
#

---------------  T H R E A D  ---------------

Current thread (0x000000001c260000):  JavaThread "C2 CompilerThread1" daemon [_thread_in_native, id=7544, stack(0x000000001d9e0000,0x000000001dae0000)]

Stack: [0x000000001d9e0000,0x000000001dae0000]
[error occurred during error reporting (printing stack bounds), id 0xc0000005]

Native frames: (J=compiled Java code, j=interpreted, Vv=VM code, C=native code)


Current CompileTask:
C2:  12222 2666       4       com.sun.tools.javac.comp.Check::checkType (188 bytes)


---------------  P R O C E S S  ---------------

Java Threads: ( => current thread )
  0x000000001c2ad800 JavaThread "Service Thread" daemon [_thread_blocked, id=9484, stack(0x000000001dfe0000,0x000000001e0e0000)]
  0x000000001c26e800 JavaThread "C1 CompilerThread2" daemon [_thread_in_vm, id=18576, stack(0x000000001dae0000,0x000000001dbe0000)]
=>0x000000001c260000 JavaThread "C2 CompilerThread1" daemon [_thread_in_native, id=7544, stack(0x000000001d9e0000,0x000000001dae0000)]
  0x000000001c25c000 JavaThread "C2 CompilerThread0" daemon [_thread_in_native, id=21268, stack(0x000000001d8e0000,0x000000001d9e0000)]
  0x000000001c25a000 JavaThread "Attach Listener" daemon [_thread_blocked, id=14576, stack(0x000000001d7e0000,0x000000001d8e0000)]
  0x000000001c258800 JavaThread "Signal Dispatcher" daemon [_thread_blocked, id=11988, stack(0x000000001d6e0000,0x000000001d7e0000)]
  0x0000000002cdd800 JavaThread "Finalizer" daemon [_thread_blocked, id=9512, stack(0x000000001d4d0000,0x000000001d5d0000)]
  0x0000000002cd4000 JavaThread "Reference Handler" daemon [_thread_blocked, id=16236, stack(0x000000001d3d0000,0x000000001d4d0000)]
  0x0000000002be4000 JavaThread "main" [_thread_in_native, id=21748, stack(0x00000000029e0000,0x0000000002ae0000)]

Other Threads:
  0x000000001c218000 VMThread [stack: 0x000000001d2d0000,0x000000001d3d0000] [id=8760]
  0x000000001c2ae800 WatcherThread [stack: 0x000000001e0e0000,0x000000001e1e0000] [id=22132]

VM state:not at safepoint (normal execution)

VM Mutex/Monitor currently owned by a thread: None

Heap:
 PSYoungGen      total 62976K, used 40001K [0x000000076b700000, 0x0000000771b80000, 0x00000007c0000000)
  eden space 28160K, 65% used [0x000000076b700000,0x000000076c91e510,0x000000076d280000)
  from space 34816K, 61% used [0x000000076d280000,0x000000076e772018,0x000000076f480000)
  to   space 35840K, 0% used [0x000000076f880000,0x000000076f880000,0x0000000771b80000)
 ParOldGen       total 52224K, used 34762K [0x00000006c2400000, 0x00000006c5700000, 0x000000076b700000)
  object space 52224K, 66% used [0x00000006c2400000,0x00000006c45f2bd8,0x00000006c5700000)
 Metaspace       used 9600K, capacity 10080K, committed 10368K, reserved 1058816K
  class space    used 1009K, capacity 1044K, committed 1152K, reserved 1048576K

Card table byte_map: [0x00000000120a0000,0x0000000012890000] byte_map_base: 0x000000000ea8e000

Marking Bits: (ParMarkBitMap*) 0x0000000061c53e30
 Begin Bits: [0x00000000131e0000, 0x0000000017150000)
 End Bits:   [0x0000000017150000, 0x000000001b0c0000)

Polling page: 0x00000000011e0000

CodeCache: size=245760Kb used=11555Kb max_used=11637Kb free=234204Kb
 bounds [0x0000000002ce0000, 0x0000000003850000, 0x0000000011ce0000]
 total_blobs=2820 nmethods=2523 adapters=208
 compilation: enabled

Compilation events (10 events):
Event: 12.199 Thread 0x000000001c26e800 2705       3       com.sun.tools.javac.comp.Check::assertConvertible (64 bytes)
Event: 12.201 Thread 0x000000001c26e800 nmethod 2705 0x0000000002ff6110 code [0x0000000002ff6320, 0x0000000002ff6e98]
Event: 12.201 Thread 0x000000001c26e800 2707       3       com.sun.tools.javac.comp.Resolve$BasicLookupHelper::access (44 bytes)
Event: 12.202 Thread 0x000000001c26e800 nmethod 2707 0x0000000002ff5b50 code [0x0000000002ff5cc0, 0x0000000002ff5f88]
Event: 12.202 Thread 0x000000001c26e800 2706       3       com.sun.tools.javac.code.Type$ClassType::map (54 bytes)
Event: 12.202 Thread 0x000000001c26e800 nmethod 2706 0x0000000002ff52d0 code [0x0000000002ff5480, 0x0000000002ff59a8]
Event: 12.209 Thread 0x000000001c26e800 2708       3       com.sun.tools.javac.tree.JCTree$JCParens::getTag (4 bytes)
Event: 12.209 Thread 0x000000001c26e800 nmethod 2708 0x0000000002ff4f90 code [0x0000000002ff50e0, 0x0000000002ff5230]
Event: 12.210 Thread 0x000000001c26e800 2709       1       com.sun.tools.javac.comp.Flow::access$800 (5 bytes)
Event: 12.210 Thread 0x000000001c26e800 nmethod 2709 0x0000000002ff4cd0 code [0x0000000002ff4e20, 0x0000000002ff4f10]

GC Heap History (10 events):
Event: 3.657 GC heap before
{Heap before GC invocations=22 (full 4):
 PSYoungGen      total 45568K, used 39624K [0x000000076b700000, 0x000000076ff80000, 0x00000007c0000000)
  eden space 25600K, 100% used [0x000000076b700000,0x000000076d000000,0x000000076d000000)
  from space 19968K, 70% used [0x000000076d000000,0x000000076ddb2260,0x000000076e380000)
  to   space 22016K, 0% used [0x000000076ea00000,0x000000076ea00000,0x000000076ff80000)
 ParOldGen       total 34304K, used 22227K [0x00000006c2400000, 0x00000006c4580000, 0x000000076b700000)
  object space 34304K, 64% used [0x00000006c2400000,0x00000006c39b4ff0,0x00000006c4580000)
 Metaspace       used 7710K, capacity 8532K, committed 8704K, reserved 1056768K
  class space    used 893K, capacity 912K, committed 1024K, reserved 1048576K
Event: 3.677 GC heap after
Heap after GC invocations=22 (full 4):
 PSYoungGen      total 48640K, used 21988K [0x000000076b700000, 0x0000000770580000, 0x00000007c0000000)
  eden space 26624K, 0% used [0x000000076b700000,0x000000076b700000,0x000000076d100000)
  from space 22016K, 99% used [0x000000076ea00000,0x000000076ff79180,0x000000076ff80000)
  to   space 25600K, 0% used [0x000000076d100000,0x000000076d100000,0x000000076ea00000)
 ParOldGen       total 34304K, used 22350K [0x00000006c2400000, 0x00000006c4580000, 0x000000076b700000)
  object space 34304K, 65% used [0x00000006c2400000,0x00000006c39d3b90,0x00000006c4580000)
 Metaspace       used 7710K, capacity 8532K, committed 8704K, reserved 1056768K
  class space    used 893K, capacity 912K, committed 1024K, reserved 1048576K
}
Event: 4.395 GC heap before
{Heap before GC invocations=23 (full 4):
 PSYoungGen      total 48640K, used 48612K [0x000000076b700000, 0x0000000770580000, 0x00000007c0000000)
  eden space 26624K, 100% used [0x000000076b700000,0x000000076d100000,0x000000076d100000)
  from space 22016K, 99% used [0x000000076ea00000,0x000000076ff79180,0x000000076ff80000)
  to   space 25600K, 0% used [0x000000076d100000,0x000000076d100000,0x000000076ea00000)
 ParOldGen       total 34304K, used 22350K [0x00000006c2400000, 0x00000006c4580000, 0x000000076b700000)
  object space 34304K, 65% used [0x00000006c2400000,0x00000006c39d3b90,0x00000006c4580000)
 Metaspace       used 7992K, capacity 8788K, committed 8960K, reserved 1056768K
  class space    used 900K, capacity 912K, committed 1024K, reserved 1048576K
Event: 4.448 GC heap after
Heap after GC invocations=23 (full 4):
 PSYoungGen      total 52224K, used 25579K [0x000000076b700000, 0x0000000771400000, 0x00000007c0000000)
  eden space 26624K, 0% used [0x000000076b700000,0x000000076b700000,0x000000076d100000)
  from space 25600K, 99% used [0x000000076d100000,0x000000076e9facd8,0x000000076ea00000)
  to   space 32256K, 0% used [0x000000076f480000,0x000000076f480000,0x0000000771400000)
 ParOldGen       total 34304K, used 28741K [0x00000006c2400000, 0x00000006c4580000, 0x000000076b700000)
  object space 34304K, 83% used [0x00000006c2400000,0x00000006c4011770,0x00000006c4580000)
 Metaspace       used 7992K, capacity 8788K, committed 8960K, reserved 1056768K
  class space    used 900K, capacity 912K, committed 1024K, reserved 1048576K
}
Event: 7.186 GC heap before
{Heap before GC invocations=24 (full 4):
 PSYoungGen      total 52224K, used 52203K [0x000000076b700000, 0x0000000771400000, 0x00000007c0000000)
  eden space 26624K, 100% used [0x000000076b700000,0x000000076d100000,0x000000076d100000)
  from space 25600K, 99% used [0x000000076d100000,0x000000076e9facd8,0x000000076ea00000)
  to   space 32256K, 0% used [0x000000076f480000,0x000000076f480000,0x0000000771400000)
 ParOldGen       total 34304K, used 28741K [0x00000006c2400000, 0x00000006c4580000, 0x000000076b700000)
  object space 34304K, 83% used [0x00000006c2400000,0x00000006c4011770,0x00000006c4580000)
 Metaspace       used 9138K, capacity 9696K, committed 9856K, reserved 1058816K
  class space    used 1009K, capacity 1044K, committed 1152K, reserved 1048576K
Event: 7.239 GC heap after
Heap after GC invocations=24 (full 4):
 PSYoungGen      total 60416K, used 24498K [0x000000076b700000, 0x0000000771880000, 0x00000007c0000000)
  eden space 28160K, 0% used [0x000000076b700000,0x000000076b700000,0x000000076d280000)
  from space 32256K, 75% used [0x000000076f480000,0x0000000770c6c990,0x0000000771400000)
  to   space 34816K, 0% used [0x000000076d280000,0x000000076d280000,0x000000076f480000)
 ParOldGen       total 34816K, used 34376K [0x00000006c2400000, 0x00000006c4600000, 0x000000076b700000)
  object space 34816K, 98% used [0x00000006c2400000,0x00000006c4592068,0x00000006c4600000)
 Metaspace       used 9138K, capacity 9696K, committed 9856K, reserved 1058816K
  class space    used 1009K, capacity 1044K, committed 1152K, reserved 1048576K
}
Event: 7.239 GC heap before
{Heap before GC invocations=25 (full 5):
 PSYoungGen      total 60416K, used 24498K [0x000000076b700000, 0x0000000771880000, 0x00000007c0000000)
  eden space 28160K, 0% used [0x000000076b700000,0x000000076b700000,0x000000076d280000)
  from space 32256K, 75% used [0x000000076f480000,0x0000000770c6c990,0x0000000771400000)
  to   space 34816K, 0% used [0x000000076d280000,0x000000076d280000,0x000000076f480000)
 ParOldGen       total 34816K, used 34376K [0x00000006c2400000, 0x00000006c4600000, 0x000000076b700000)
  object space 34816K, 98% used [0x00000006c2400000,0x00000006c4592068,0x00000006c4600000)
 Metaspace       used 9138K, capacity 9696K, committed 9856K, reserved 1058816K
  class space    used 1009K, capacity 1044K, committed 1152K, reserved 1048576K
Event: 7.623 GC heap after
Heap after GC invocations=25 (full 5):
 PSYoungGen      total 60416K, used 21273K [0x000000076b700000, 0x0000000771880000, 0x00000007c0000000)
  eden space 28160K, 0% used [0x000000076b700000,0x000000076b700000,0x000000076d280000)
  from space 32256K, 65% used [0x000000076f480000,0x0000000770946610,0x0000000771400000)
  to   space 34816K, 0% used [0x000000076d280000,0x000000076d280000,0x000000076f480000)
 ParOldGen       total 52224K, used 34762K [0x00000006c2400000, 0x00000006c5700000, 0x000000076b700000)
  object space 52224K, 66% used [0x00000006c2400000,0x00000006c45f2bd8,0x00000006c5700000)
 Metaspace       used 9138K, capacity 9696K, committed 9856K, reserved 1058816K
  class space    used 1009K, capacity 1044K, committed 1152K, reserved 1048576K
}
Event: 10.340 GC heap before
{Heap before GC invocations=26 (full 5):
 PSYoungGen      total 60416K, used 49433K [0x000000076b700000, 0x0000000771880000, 0x00000007c0000000)
  eden space 28160K, 100% used [0x000000076b700000,0x000000076d280000,0x000000076d280000)
  from space 32256K, 65% used [0x000000076f480000,0x0000000770946610,0x0000000771400000)
  to   space 34816K, 0% used [0x000000076d280000,0x000000076d280000,0x000000076f480000)
 ParOldGen       total 52224K, used 34762K [0x00000006c2400000, 0x00000006c5700000, 0x000000076b700000)
  object space 52224K, 66% used [0x00000006c2400000,0x00000006c45f2bd8,0x00000006c5700000)
 Metaspace       used 9405K, capacity 9888K, committed 10112K, reserved 1058816K
  class space    used 1009K, capacity 1044K, committed 1152K, reserved 1048576K
Event: 10.368 GC heap after
Heap after GC invocations=26 (full 5):
 PSYoungGen      total 62976K, used 21448K [0x000000076b700000, 0x0000000771b80000, 0x00000007c0000000)
  eden space 28160K, 0% used [0x000000076b700000,0x000000076b700000,0x000000076d280000)
  from space 34816K, 61% used [0x000000076d280000,0x000000076e772018,0x000000076f480000)
  to   space 35840K, 0% used [0x000000076f880000,0x000000076f880000,0x0000000771b80000)
 ParOldGen       total 52224K, used 34762K [0x00000006c2400000, 0x00000006c5700000, 0x000000076b700000)
  object space 52224K, 66% used [0x00000006c2400000,0x00000006c45f2bd8,0x00000006c5700000)
 Metaspace       used 9405K, capacity 9888K, committed 10112K, reserved 1058816K
  class space    used 1009K, capacity 1044K, committed 1152K, reserved 1048576K
}

Deoptimization events (10 events):
Event: 11.778 Thread 0x0000000002be4000 Uncommon trap: reason=class_check action=maybe_recompile pc=0x0000000003754ba4 method=com.sun.tools.javac.comp.Check.checkConflicts(Lcom/sun/tools/javac/util/JCDiagnostic$DiagnosticPosition;Lcom/sun/tools/javac/code/Symbol;Lcom/sun/tools/javac/code/Symbol
Event: 11.798 Thread 0x0000000002be4000 Uncommon trap: reason=class_check action=maybe_recompile pc=0x0000000003754ba4 method=com.sun.tools.javac.comp.Check.checkConflicts(Lcom/sun/tools/javac/util/JCDiagnostic$DiagnosticPosition;Lcom/sun/tools/javac/code/Symbol;Lcom/sun/tools/javac/code/Symbol
Event: 11.798 Thread 0x0000000002be4000 Uncommon trap: reason=class_check action=maybe_recompile pc=0x0000000003754ba4 method=com.sun.tools.javac.comp.Check.checkConflicts(Lcom/sun/tools/javac/util/JCDiagnostic$DiagnosticPosition;Lcom/sun/tools/javac/code/Symbol;Lcom/sun/tools/javac/code/Symbol
Event: 11.826 Thread 0x0000000002be4000 Uncommon trap: reason=bimorphic action=maybe_recompile pc=0x00000000034e38fc method=com.sun.tools.javac.util.ListBuffer.addAll(Ljava/util/Collection;)Z @ 1
Event: 11.849 Thread 0x0000000002be4000 Uncommon trap: reason=bimorphic action=maybe_recompile pc=0x00000000034e38fc method=com.sun.tools.javac.util.ListBuffer.addAll(Ljava/util/Collection;)Z @ 1
Event: 11.988 Thread 0x0000000002be4000 Uncommon trap: reason=class_check action=maybe_recompile pc=0x00000000037239f4 method=com.sun.tools.javac.code.Types$HasSameArgs.visitMethodType(Lcom/sun/tools/javac/code/Type$MethodType;Ljava/lang/Object;)Ljava/lang/Object; @ 3
Event: 11.989 Thread 0x0000000002be4000 Uncommon trap: reason=class_check action=maybe_recompile pc=0x00000000037239f4 method=com.sun.tools.javac.code.Types$HasSameArgs.visitMethodType(Lcom/sun/tools/javac/code/Type$MethodType;Ljava/lang/Object;)Ljava/lang/Object; @ 3
Event: 11.989 Thread 0x0000000002be4000 Uncommon trap: reason=class_check action=maybe_recompile pc=0x00000000037239f4 method=com.sun.tools.javac.code.Types$HasSameArgs.visitMethodType(Lcom/sun/tools/javac/code/Type$MethodType;Ljava/lang/Object;)Ljava/lang/Object; @ 3
Event: 11.996 Thread 0x0000000002be4000 Uncommon trap: reason=class_check action=maybe_recompile pc=0x00000000037239f4 method=com.sun.tools.javac.code.Types$HasSameArgs.visitMethodType(Lcom/sun/tools/javac/code/Type$MethodType;Ljava/lang/Object;)Ljava/lang/Object; @ 3
Event: 12.082 Thread 0x0000000002be4000 Uncommon trap: reason=bimorphic action=maybe_recompile pc=0x00000000034e38fc method=com.sun.tools.javac.util.ListBuffer.addAll(Ljava/util/Collection;)Z @ 1

Classes redefined (0 events):
No events

Internal exceptions (8 events):
Event: 0.069 Thread 0x0000000002be4000 Exception <a 'java/lang/NoSuchMethodError': Method sun.misc.Unsafe.defineClass(Ljava/lang/String;[BII)Ljava/lang/Class; name or signature does not match> (0x000000076b707cd8) thrown at [C:\re\workspace\8-2-build-windows-amd64-cygwin\jdk8u191\11896\hotspot
Event: 0.069 Thread 0x0000000002be4000 Exception <a 'java/lang/NoSuchMethodError': Method sun.misc.Unsafe.prefetchRead(Ljava/lang/Object;J)V name or signature does not match> (0x000000076b707fc0) thrown at [C:\re\workspace\8-2-build-windows-amd64-cygwin\jdk8u191\11896\hotspot\src\share\vm\prim
Event: 0.235 Thread 0x0000000002be4000 Exception <a 'java/security/PrivilegedActionException'> (0x000000076b869a40) thrown at [C:\re\workspace\8-2-build-windows-amd64-cygwin\jdk8u191\11896\hotspot\src\share\vm\prims\jvm.cpp, line 1435]
Event: 0.236 Thread 0x0000000002be4000 Exception <a 'java/security/PrivilegedActionException'> (0x000000076b869e38) thrown at [C:\re\workspace\8-2-build-windows-amd64-cygwin\jdk8u191\11896\hotspot\src\share\vm\prims\jvm.cpp, line 1435]
Event: 0.237 Thread 0x0000000002be4000 Exception <a 'java/security/PrivilegedActionException'> (0x000000076b86df30) thrown at [C:\re\workspace\8-2-build-windows-amd64-cygwin\jdk8u191\11896\hotspot\src\share\vm\prims\jvm.cpp, line 1435]
Event: 0.237 Thread 0x0000000002be4000 Exception <a 'java/security/PrivilegedActionException'> (0x000000076b86e328) thrown at [C:\re\workspace\8-2-build-windows-amd64-cygwin\jdk8u191\11896\hotspot\src\share\vm\prims\jvm.cpp, line 1435]
Event: 0.246 Thread 0x0000000002be4000 Exception <a 'java/security/PrivilegedActionException'> (0x000000076b7131f0) thrown at [C:\re\workspace\8-2-build-windows-amd64-cygwin\jdk8u191\11896\hotspot\src\share\vm\prims\jvm.cpp, line 1435]
Event: 0.247 Thread 0x0000000002be4000 Exception <a 'java/security/PrivilegedActionException'> (0x000000076b7135e8) thrown at [C:\re\workspace\8-2-build-windows-amd64-cygwin\jdk8u191\11896\hotspot\src\share\vm\prims\jvm.cpp, line 1435]

Events (10 events):
Event: 11.989 Thread 0x0000000002be4000 DEOPT UNPACKING pc=0x0000000002d2583b sp=0x0000000002ade100 mode 2
Event: 11.989 Thread 0x0000000002be4000 Uncommon trap: trap_request=0xffffffde fr.pc=0x00000000037239f4
Event: 11.989 Thread 0x0000000002be4000 DEOPT PACKING pc=0x00000000037239f4 sp=0x0000000002ade150
Event: 11.989 Thread 0x0000000002be4000 DEOPT UNPACKING pc=0x0000000002d2583b sp=0x0000000002ade100 mode 2
Event: 11.996 Thread 0x0000000002be4000 Uncommon trap: trap_request=0xffffffde fr.pc=0x00000000037239f4
Event: 11.996 Thread 0x0000000002be4000 DEOPT PACKING pc=0x00000000037239f4 sp=0x0000000002ade280
Event: 11.996 Thread 0x0000000002be4000 DEOPT UNPACKING pc=0x0000000002d2583b sp=0x0000000002ade230 mode 2
Event: 12.082 Thread 0x0000000002be4000 Uncommon trap: trap_request=0xffffffc6 fr.pc=0x00000000034e38fc
Event: 12.082 Thread 0x0000000002be4000 DEOPT PACKING pc=0x00000000034e38fc sp=0x0000000002adebb0
Event: 12.082 Thread 0x0000000002be4000 DEOPT UNPACKING pc=0x0000000002d2583b sp=0x0000000002adeb68 mode 2


Dynamic libraries:
0x00007ff64fe40000 - 0x00007ff64fe47000 	C:\Program Files\Java\jdk1.8.0_191\bin\javac.exe
0x00007ffaf7f30000 - 0x00007ffaf8111000 	C:\WINDOWS\SYSTEM32\ntdll.dll
0x00007ffaf53c0000 - 0x00007ffaf5472000 	C:\WINDOWS\System32\KERNEL32.DLL
0x00007ffaf4ab0000 - 0x00007ffaf4d23000 	C:\WINDOWS\System32\KERNELBASE.dll
0x00007ffaf21a0000 - 0x00007ffaf222b000 	C:\WINDOWS\SYSTEM32\apphelp.dll
0x0000000061360000 - 0x000000006138f000 	C:\Program Files\Java\jdk1.8.0_191\bin\jli.dll
0x0000000061280000 - 0x0000000061352000 	C:\Program Files\Java\jdk1.8.0_191\bin\MSVCR100.dll
0x00007ffaf79d0000 - 0x00007ffaf7a71000 	C:\WINDOWS\System32\ADVAPI32.dll
0x00007ffaf7ab0000 - 0x00007ffaf7b4e000 	C:\WINDOWS\System32\msvcrt.dll
0x00007ffaf60b0000 - 0x00007ffaf610b000 	C:\WINDOWS\System32\sechost.dll
0x00007ffaf5f80000 - 0x00007ffaf60a4000 	C:\WINDOWS\System32\RPCRT4.dll
0x00007ffaf5630000 - 0x00007ffaf57c0000 	C:\WINDOWS\System32\USER32.dll
0x00007ffaf5020000 - 0x00007ffaf5040000 	C:\WINDOWS\System32\win32u.dll
0x00007ffae3090000 - 0x00007ffae32f9000 	C:\WINDOWS\WinSxS\amd64_microsoft.windows.common-controls_6595b64144ccf1df_6.0.17134.345_none_fb429a5930656358\COMCTL32.dll
0x00007ffaf7990000 - 0x00007ffaf79b8000 	C:\WINDOWS\System32\GDI32.dll
0x00007ffaf6110000 - 0x00007ffaf6433000 	C:\WINDOWS\System32\combase.dll
0x00007ffaf5220000 - 0x00007ffaf53b2000 	C:\WINDOWS\System32\gdi32full.dll
0x00007ffaf4d30000 - 0x00007ffaf4e2a000 	C:\WINDOWS\System32\ucrtbase.dll
0x00007ffaf4300000 - 0x00007ffaf439f000 	C:\WINDOWS\System32\msvcp_win.dll
0x00007ffaf51a0000 - 0x00007ffaf521a000 	C:\WINDOWS\System32\bcryptPrimitives.dll
0x00007ffaf7a80000 - 0x00007ffaf7aad000 	C:\WINDOWS\System32\IMM32.DLL
0x0000000061ce0000 - 0x0000000061db2000 	C:\Program Files\Java\jdk1.8.0_191\jre\bin\msvcr100.dll
0x0000000061430000 - 0x0000000061cd4000 	C:\Program Files\Java\jdk1.8.0_191\jre\bin\server\jvm.dll
0x00007ffaf7970000 - 0x00007ffaf7978000 	C:\WINDOWS\System32\PSAPI.DLL
0x00007ffaf0cc0000 - 0x00007ffaf0ce3000 	C:\WINDOWS\SYSTEM32\WINMM.dll
0x00007ffae5af0000 - 0x00007ffae5af9000 	C:\WINDOWS\SYSTEM32\WSOCK32.dll
0x00007ffae6100000 - 0x00007ffae610a000 	C:\WINDOWS\SYSTEM32\VERSION.dll
0x00007ffaf5500000 - 0x00007ffaf556c000 	C:\WINDOWS\System32\WS2_32.dll
0x00007ffaf0c90000 - 0x00007ffaf0cba000 	C:\WINDOWS\SYSTEM32\winmmbase.dll
0x00007ffaf5150000 - 0x00007ffaf5199000 	C:\WINDOWS\System32\cfgmgr32.dll
0x0000000061420000 - 0x000000006142f000 	C:\Program Files\Java\jdk1.8.0_191\jre\bin\verify.dll
0x00000000613f0000 - 0x0000000061419000 	C:\Program Files\Java\jdk1.8.0_191\jre\bin\java.dll
0x00000000613d0000 - 0x00000000613e6000 	C:\Program Files\Java\jdk1.8.0_191\jre\bin\zip.dll
0x00007ffaf6440000 - 0x00007ffaf787f000 	C:\WINDOWS\System32\SHELL32.dll
0x00007ffaf7cb0000 - 0x00007ffaf7d59000 	C:\WINDOWS\System32\shcore.dll
0x00007ffaf43a0000 - 0x00007ffaf4aad000 	C:\WINDOWS\System32\windows.storage.dll
0x00007ffaf57c0000 - 0x00007ffaf5811000 	C:\WINDOWS\System32\shlwapi.dll
0x00007ffaf4240000 - 0x00007ffaf4251000 	C:\WINDOWS\System32\kernel.appcore.dll
0x00007ffaf42e0000 - 0x00007ffaf42ff000 	C:\WINDOWS\System32\profapi.dll
0x00007ffaf4260000 - 0x00007ffaf42ac000 	C:\WINDOWS\System32\powrprof.dll
0x00007ffaf42d0000 - 0x00007ffaf42da000 	C:\WINDOWS\System32\FLTLIB.DLL

VM Arguments:
jvm_args: -Dapplication.home=C:\Program Files\Java\jdk1.8.0_191 -Xms8m -Dfile.encoding=UTF8 
java_command: com.sun.tools.javac.Main -d obj\\Release\MonoAndroid90\android\bin\classes -classpath C:\Program Files (x86)\Microsoft Visual Studio\2017\Enterprise\Common7\IDE\ReferenceAssemblies\Microsoft\Framework\MonoAndroid\v9.0\mono.android.jar;C:\Program Files (x86)\Microsoft Visual Studio\2017\Enterprise\MSBuild\Xamarin\Android\android-support-multidex.jar;obj\\Release\MonoAndroid90\lp\11\jl\bin\classes.jar;obj\\Release\MonoAndroid90\lp\20\jl\arch-core-common.jar;obj\\Release\MonoAndroid90\lp\21\jl\arch-lifecycle-common.jar;obj\\Release\MonoAndroid90\lp\22\jl\bin\classes.jar;obj\\Release\MonoAndroid90\lp\23\jl\bin\classes.jar;obj\\Release\MonoAndroid90\lp\25\jl\bin\classes.jar;obj\\Release\MonoAndroid90\lp\26\jl\bin\classes.jar;obj\\Release\MonoAndroid90\lp\27\jl\bin\classes.jar;obj\\Release\MonoAndroid90\lp\28\jl\bin\classes.jar;obj\\Release\MonoAndroid90\lp\29\jl\bin\classes.jar;obj\\Release\MonoAndroid90\lp\3\jl\formsviewgroup.jar;obj\\Release\MonoAndroid90\lp\30\jl\bin\classes.jar;obj\\Release\MonoAndroid90\lp\31\jl\bin\classes.jar;obj\\Release\MonoAndroid90\lp\32\jl\bin\classes.jar;obj\\Release\MonoAndroid90\lp\33\jl\bin\classes.jar;obj\\Release\MonoAndroid90\lp\34\jl\bin\classes.jar;obj\\Release\MonoAndroid90\lp\35\jl\bin\classes.jar;obj\\Release\MonoAndroid90\lp\36\jl\bin\classes.jar;obj\\Release\MonoAndroid90\lp\37\jl\bin\classes.jar;obj\\Release\MonoAndroid90\lp\38\jl\bin\classes.jar;obj\\Release\MonoAndroid90\lp\4\jl\bin\classes.jar;obj\\Release\MonoAndroid90\lp\45\jl\classes.jar;obj\\Release\MonoAndroid90\lp\46\jl\classes.jar;obj\\Release\MonoAndroid90\lp\47\jl\classes.jar;obj\\Release\MonoAndroid90\lp\48\jl\classes.jar;obj\\Release\MonoAndroid90\lp\49\jl\classes.jar;obj\\Release\MonoAndroid90\lp\50\jl\classes.jar;obj\\Release\MonoAndroid90\lp\6\jl\bin\classes.jar;obj\\Release\MonoAndroid90\lp\7\jl\bin\classes.jar;obj\\Release\MonoAndroid90\lp\24\jl\support-annotations.jar -bootclasspath C:\Program Files (x86)\Android\android-sdk\platforms\android
java_class_path (initial): C:\Program Files\Java\jdk1.8.0_191/lib/tools.jar;C:\Program Files\Java\jdk1.8.0_191/classes
Launcher Type: SUN_STANDARD

Environment Variables:
JAVA_HOME=C:\Program Files\Java\jdk1.8.0_191
PATH=C:\Program Files\Java\jdk1.8.0_191\bin;C:\Program Files (x86)\Common Files\Oracle\Java\javapath;C:\Program Files\Microsoft MPI\Bin\;C:\ProgramData\Oracle\Java\javapath;C:\WINDOWS\system32;C:\WINDOWS;C:\WINDOWS\System32\Wbem;C:\WINDOWS\System32\WindowsPowerShell\v1.0\;C:\Program Files\Microsoft SQL Server\130\Tools\Binn\;C:\Program Files\dotnet\;C:\Program Files (x86)\Microsoft Emulator Manager\1.0\;C:\Program Files\Microsoft SQL Server\120\Tools\Binn\;C:\Program Files (x86)\nodejs\;C:\Program Files (x86)\Microsoft SQL Server\130\Tools\Binn\;C:\Program Files (x86)\Microsoft SQL Server\130\DTS\Binn\;C:\Program Files\Microsoft SQL Server\130\DTS\Binn\;C:\Program Files\Microsoft SQL Server\Client SDK\ODBC\130\Tools\Binn\;C:\Program Files (x86)\Microsoft SQL Server\Client SDK\ODBC\130\Tools\Binn\;C:\Program Files (x86)\Microsoft SQL Server\140\Tools\Binn\;C:\Program Files (x86)\Microsoft SQL Server\140\DTS\Binn\;C:\Program Files (x86)\Microsoft SQL Server\140\Tools\Binn\ManagementStudio\;C:\WINDOWS\System32\OpenSSH\;C:\Program Files (x86)\dotnet\;C:\Program Files\Microsoft SQL Server\Client SDK\ODBC\110\Tools\Binn\;C:\Program Files (x86)\Microsoft SQL Server\120\Tools\Binn\;C:\Program Files\Microsoft SQL Server\120\DTS\Binn\;C:\Program Files (x86)\Microsoft SQL Server\120\Tools\Binn\ManagementStudio\;C:\Program Files (x86)\Microsoft SQL Server\120\DTS\Binn\;C:\Program Files\Git\cmd;C:\Program Files (x86)\Calibre2\;C:\Program Files\Microsoft\Web Platform Installer\;C:\Users\alexa\AppData\Local\Microsoft\WindowsApps;C:\Users\alexa\AppData\Roaming\npm
USERNAME=alexa
OS=Windows_NT
PROCESSOR_IDENTIFIER=Intel64 Family 6 Model 42 Stepping 7, GenuineIntel



---------------  S Y S T E M  ---------------

OS: Windows 10.0 , 64 bit Build 17134 (10.0.17134.1)

CPU:total 4 (initial active 4) (2 cores per cpu, 2 threads per core) family 6 model 42 stepping 7, cmov, cx8, fxsr, mmx, sse, sse2, sse3, ssse3, sse4.1, sse4.2, popcnt, avx, aes, clmul, ht, tsc, tscinvbit

Memory: 4k page, physical 16625260k(2590112k free), swap 16625260k(4040k free)

vm_info: Java HotSpot(TM) 64-Bit Server VM (25.191-b12) for windows-amd64 JRE (1.8.0_191-b12), built on Oct  6 2018 09:29:03 by "java_re" with MS VC++ 10.0 (VS2010)

time: Mon Nov 05 20:44:57 2018
elapsed time: 12 seconds (0d 0h 0m 12s)

