#
# There is insufficient memory for the Java Runtime Environment to continue.
# Native memory allocation (malloc) failed to allocate 1048576 bytes for AllocateHeap
# Possible reasons:
#   The system is out of physical RAM or swap space
#   In 32 bit mode, the process size limit was hit
# Possible solutions:
#   Reduce memory load on the system
#   Increase physical memory or swap space
#   Check if swap backing store is full
#   Use 64 bit Java on a 64 bit OS
#   Decrease Java heap size (-Xmx/-Xms)
#   Decrease number of Java threads
#   Decrease Java thread stack sizes (-Xss)
#   Set larger code cache with -XX:ReservedCodeCacheSize=
# This output file may be truncated or incomplete.
#
#  Out of Memory Error (memory/allocation.inline.hpp:61), pid=10236, tid=0x0000000000002054
#
# JRE version:  (8.0_131-b11) (build )
# Java VM: Java HotSpot(TM) 64-Bit Server VM (25.131-b11 mixed mode windows-amd64 compressed oops)
# Failed to write core dump. Minidumps are not enabled by default on client versions of Windows
#

---------------  T H R E A D  ---------------

Current thread (0x00000000025fe800):  JavaThread "Unknown thread" [_thread_in_vm, id=8276, stack(0x0000000002440000,0x0000000002540000)]

Stack: [0x0000000002440000,0x0000000002540000]
[error occurred during error reporting (printing stack bounds), id 0xc0000005]

Native frames: (J=compiled Java code, j=interpreted, Vv=VM code, C=native code)


---------------  P R O C E S S  ---------------

Java Threads: ( => current thread )

Other Threads:

=>0x00000000025fe800 (exited) JavaThread "Unknown thread" [_thread_in_vm, id=8276, stack(0x0000000002440000,0x0000000002540000)]

VM state:not at safepoint (normal execution)

VM Mutex/Monitor currently owned by a thread: None

Heap:
 PSYoungGen      total 75776K, used 1300K [0x00000000eab00000, 0x00000000eff80000, 0x0000000100000000)
  eden space 65024K, 2% used [0x00000000eab00000,0x00000000eac451f8,0x00000000eea80000)
  from space 10752K, 0% used [0x00000000ef500000,0x00000000ef500000,0x00000000eff80000)
  to   space 10752K, 0% used [0x00000000eea80000,0x00000000eea80000,0x00000000ef500000)
 ParOldGen       total 173568K, used 0K [0x00000000c0000000, 0x00000000ca980000, 0x00000000eab00000)
  object space 173568K, 0% used [0x00000000c0000000,0x00000000c0000000,0x00000000ca980000)
 Metaspace       used 770K, capacity 4480K, committed 4480K, reserved 1056768K
  class space    used 75K, capacity 384K, committed 384K, reserved 1048576K

Card table byte_map: [0x0000000011ac0000,0x0000000011cd0000] byte_map_base: 0x00000000114c0000

Marking Bits: (ParMarkBitMap*) 0x0000000054f6c720
 Begin Bits: [0x0000000012230000, 0x0000000013230000)
 End Bits:   [0x0000000013230000, 0x0000000014230000)

Polling page: 0x00000000005f0000

CodeCache: size=245760Kb used=328Kb max_used=328Kb free=245431Kb
 bounds [0x0000000002700000, 0x0000000002970000, 0x0000000011700000]
 total_blobs=58 nmethods=0 adapters=38
 compilation: enabled

Compilation events (0 events):
No events

GC Heap History (0 events):
No events

Deoptimization events (0 events):
No events

Internal exceptions (0 events):
No events

Events (10 events):
Event: 0.095 loading class java/lang/Short
Event: 0.095 loading class java/lang/Short done
Event: 0.095 loading class java/lang/Integer
Event: 0.096 loading class java/lang/Integer done
Event: 0.096 loading class java/lang/Long
Event: 0.097 loading class java/lang/Long done
Event: 0.099 loading class java/lang/NullPointerException
Event: 0.099 loading class java/lang/NullPointerException done
Event: 0.099 loading class java/lang/ArithmeticException
Event: 0.099 loading class java/lang/ArithmeticException done


Dynamic libraries:
0x00007ff690a20000 - 0x00007ff690a57000 	C:\Program Files\Java\jdk1.8.0_131\bin\java.exe
0x00007ffb53db0000 - 0x00007ffb53f8b000 	C:\WINDOWS\SYSTEM32\ntdll.dll
0x00007ffb52ac0000 - 0x00007ffb52b6e000 	C:\WINDOWS\System32\KERNEL32.DLL
0x00007ffb507f0000 - 0x00007ffb50a39000 	C:\WINDOWS\System32\KERNELBASE.dll
0x00007ffb52bd0000 - 0x00007ffb52c71000 	C:\WINDOWS\System32\ADVAPI32.dll
0x00007ffb539d0000 - 0x00007ffb53a6d000 	C:\WINDOWS\System32\msvcrt.dll
0x00007ffb53970000 - 0x00007ffb539c9000 	C:\WINDOWS\System32\sechost.dll
0x00007ffb53560000 - 0x00007ffb53685000 	C:\WINDOWS\System32\RPCRT4.dll
0x00007ffb53690000 - 0x00007ffb537da000 	C:\WINDOWS\System32\USER32.dll
0x00007ffb506d0000 - 0x00007ffb506ee000 	C:\WINDOWS\System32\win32u.dll
0x00007ffb529e0000 - 0x00007ffb52a07000 	C:\WINDOWS\System32\GDI32.dll
0x00007ffb502d0000 - 0x00007ffb50457000 	C:\WINDOWS\System32\gdi32full.dll
0x00007ffb50460000 - 0x00007ffb504fa000 	C:\WINDOWS\System32\msvcp_win.dll
0x00007ffb506f0000 - 0x00007ffb507e6000 	C:\WINDOWS\System32\ucrtbase.dll
0x00007ffb41580000 - 0x00007ffb417e7000 	C:\WINDOWS\WinSxS\amd64_microsoft.windows.common-controls_6595b64144ccf1df_6.0.15063.483_none_26002d27e7c744a2\COMCTL32.dll
0x00007ffb53ab0000 - 0x00007ffb53da9000 	C:\WINDOWS\System32\combase.dll
0x00007ffb50a90000 - 0x00007ffb50afa000 	C:\WINDOWS\System32\bcryptPrimitives.dll
0x00007ffb53a70000 - 0x00007ffb53a9d000 	C:\WINDOWS\System32\IMM32.DLL
0x0000000055790000 - 0x0000000055862000 	C:\Program Files\Java\jdk1.8.0_131\jre\bin\msvcr100.dll
0x0000000054750000 - 0x0000000054fec000 	C:\Program Files\Java\jdk1.8.0_131\jre\bin\server\jvm.dll
0x00007ffb53aa0000 - 0x00007ffb53aa8000 	C:\WINDOWS\System32\PSAPI.DLL
0x00007ffb44a40000 - 0x00007ffb44a49000 	C:\WINDOWS\SYSTEM32\WSOCK32.dll
0x00007ffb4d460000 - 0x00007ffb4d483000 	C:\WINDOWS\SYSTEM32\WINMM.dll
0x00007ffb53330000 - 0x00007ffb5339c000 	C:\WINDOWS\System32\WS2_32.dll
0x00007ffb4d2c0000 - 0x00007ffb4d2eb000 	C:\WINDOWS\SYSTEM32\WINMMBASE.dll
0x00007ffb45160000 - 0x00007ffb4516a000 	C:\WINDOWS\SYSTEM32\VERSION.dll
0x00007ffb50a40000 - 0x00007ffb50a89000 	C:\WINDOWS\System32\cfgmgr32.dll
0x0000000055bc0000 - 0x0000000055bcf000 	C:\Program Files\Java\jdk1.8.0_131\jre\bin\verify.dll
0x0000000055760000 - 0x0000000055789000 	C:\Program Files\Java\jdk1.8.0_131\jre\bin\java.dll
0x0000000054730000 - 0x0000000054746000 	C:\Program Files\Java\jdk1.8.0_131\jre\bin\zip.dll

VM Arguments:
jvm_args: -Xmx1G 
java_command: C:\Program Files (x86)\Android\android-sdk\build-tools\25.0.3\\lib\dx.jar --no-strict --dex --output=obj\Debug\android\bin obj\Debug\android\bin\classes C:\Program Files (x86)\Microsoft Visual Studio\2017\Enterprise\Common7\IDE\ReferenceAssemblies\Microsoft\Framework\MonoAndroid\v8.0\mono.android.jar obj\Debug\__library_projects__\FormsViewGroup\library_project_imports\formsviewgroup.jar obj\Debug\__library_projects__\OneSignal.Android.Binding\library_project_imports\bin\classes.jar obj\Debug\__library_projects__\Xamarin.Android.Support.Animated.Vector.Drawable\library_project_imports\bin\classes.jar obj\Debug\__library_projects__\Xamarin.Android.Support.Compat\library_project_imports\bin\classes.jar obj\Debug\__library_projects__\Xamarin.Android.Support.Core.UI\library_project_imports\bin\classes.jar obj\Debug\__library_projects__\Xamarin.Android.Support.Core.Utils\library_project_imports\bin\classes.jar obj\Debug\__library_projects__\Xamarin.Android.Support.Design\library_project_imports\bin\classes.jar obj\Debug\__library_projects__\Xamarin.Android.Support.Fragment\library_project_imports\bin\classes.jar obj\Debug\__library_projects__\Xamarin.Android.Support.Media.Compat\library_project_imports\bin\classes.jar obj\Debug\__library_projects__\Xamarin.Android.Support.Transition\library_project_imports\bin\classes.jar obj\Debug\__library_projects__\Xamarin.Android.Support.v4\library_project_imports\bin\classes.jar obj\Debug\__library_projects__\Xamarin.Android.Support.v7.AppCompat\library_project_imports\bin\classes.jar obj\Debug\__library_projects__\Xamarin.Android.Support.v7.CardView\library_project_imports\bin\classes.jar obj\Debug\__library_projects__\Xamarin.Android.Support.v7.MediaRouter\library_project_imports\bin\classes.jar obj\Debug\__library_projects__\Xamarin.Android.Support.v7.Palette\library_project_imports\bin\classes.jar obj\Debug\__library_projects__\Xamarin.Android.Support.v7.RecyclerView\library_project_imports\bin\classes.jar obj\D
java_class_path (initial): C:\Program Files (x86)\Android\android-sdk\build-tools\25.0.3\\lib\dx.jar
Launcher Type: SUN_STANDARD

Environment Variables:
PATH=C:\Program Files\Java\jdk1.8.0_131\bin;C:\Program Files (x86)\Embarcadero\Studio\19.0\bin;C:\Users\Public\Documents\Embarcadero\Studio\19.0\Bpl;C:\Program Files (x86)\Embarcadero\Studio\19.0\bin64;C:\Users\Public\Documents\Embarcadero\Studio\19.0\Bpl\Win64;C:\WINDOWS\system32;C:\WINDOWS;C:\WINDOWS\System32\Wbem;C:\WINDOWS\System32\WindowsPowerShell\v1.0\;C:\Program Files\Microsoft SQL Server\130\Tools\Binn\;C:\Program Files\dotnet\;C:\Program Files (x86)\Skype\Phone\;C:\Program Files\nodejs\;C:\Program Files\Git\cmd;C:\Users\alexa\AppData\Local\Microsoft\WindowsApps;C:\Users\alexa\AppData\Roaming\npm
USERNAME=alexa
OS=Windows_NT
PROCESSOR_IDENTIFIER=Intel64 Family 6 Model 42 Stepping 7, GenuineIntel



---------------  S Y S T E M  ---------------

OS: Windows 10.0 , 64 bit Build 15063 (10.0.15063.296)

CPU:total 4 (initial active 4) (2 cores per cpu, 2 threads per core) family 6 model 42 stepping 7, cmov, cx8, fxsr, mmx, sse, sse2, sse3, ssse3, sse4.1, sse4.2, popcnt, avx, aes, clmul, ht, tsc, tscinvbit

Memory: 4k page, physical 16625428k(248048k free), swap 16625428k(5576k free)

vm_info: Java HotSpot(TM) 64-Bit Server VM (25.131-b11) for windows-amd64 JRE (1.8.0_131-b11), built on Mar 15 2017 01:23:53 by "java_re" with MS VC++ 10.0 (VS2010)

time: Tue Nov 21 16:42:00 2017
elapsed time: 0 seconds (0d 0h 0m 0s)

