#
# A fatal error has been detected by the Java Runtime Environment:
#
#  EXCEPTION_ACCESS_VIOLATION (0xc0000005) at pc=0x000000005b7f016f, pid=11304, tid=0x0000000000000a44
#
# JRE version: Java(TM) SE Runtime Environment (8.0_152-b16) (build 1.8.0_152-b16)
# Java VM: Java HotSpot(TM) 64-Bit Server VM (25.152-b16 mixed mode windows-amd64 compressed oops)
# Problematic frame:
# V  [jvm.dll+0x55016f]
#
# Failed to write core dump. Minidumps are not enabled by default on client versions of Windows
#
# If you would like to submit a bug report, please visit:
#   http://bugreport.java.com/bugreport/crash.jsp
#

---------------  T H R E A D  ---------------

Current thread (0x0000000019405800):  JavaThread "C2 CompilerThread1" daemon [_thread_in_native, id=2628, stack(0x000000001ac40000,0x000000001ad40000)]

siginfo: ExceptionCode=0xc0000005, reading address 0xffffffffffffffff

Registers:
RAX=0x000800005b937058, RBX=0x000000001ad3eff0, RCX=0x000000001d333d60, RDX=0x000000001ad3eff0
RSP=0x000000001ad3c110, RBP=0x000000001ad3c260, RSI=0x000000001ad3eff0, RDI=0x000000001d333c38
R8 =0x000000001ad3c430, R9 =0x00000000ffffed65, R10=0x000000001c5eec34, R11=0x000000001c5eec36
R12=0x0000000000000000, R13=0x00000000000060d6, R14=0x000000001ad3e7e0, R15=0x000000001d333c38
RIP=0x000000005b7f016f, EFLAGS=0x0000000000010202

Top of Stack: (sp=0x000000001ad3c110)
0x000000001ad3c110:   000000000000000b 000000001ad3c430
0x000000001ad3c120:   000000001d333d78 000000001ad3eff0
0x000000001ad3c130:   000000005b899178 000000001ad3f048
0x000000001ad3c140:   0000000019402b10 000000001ad3c260
0x000000001ad3c150:   000000001ad3e7e0 000000005b79dae7
0x000000001ad3c160:   000000001ad3f048 000000001ad3c260
0x000000001ad3c170:   000000001ad3eff0 000000001ae1bfa0
0x000000001ad3c180:   0000000000000010 0000000000000004
0x000000001ad3c190:   000000001d7a7c60 00000000000000ce
0x000000001ad3c1a0:   000000001c894950 000000005b6f8517
0x000000001ad3c1b0:   0000002f000060d6 0000000100000006
0x000000001ad3c1c0:   00000000000000ce ffffffff00000007
0x000000001ad3c1d0:   000000000000002f 00000000000004fb
0x000000001ad3c1e0:   000000001cd56ff0 0000000000000006
0x000000001ad3c1f0:   00000644000060cf 0000000000004958
0x000000001ad3c200:   000000001be549f0 000000001ad3e7e0 

Instructions: (pc=0x000000005b7f016f)
0x000000005b7f014f:   cc 48 89 5c 24 08 57 48 83 ec 40 48 8b 42 68 48
0x000000005b7f015f:   8b f9 48 8b da 48 89 42 60 48 8b 49 50 48 8b 01
0x000000005b7f016f:   ff 50 08 48 8b 4f 58 48 8b 01 ff 50 08 48 8d 4c
0x000000005b7f017f:   24 20 48 8b d3 e8 07 5d ad ff 48 8b 4f 60 4c 8d 


Register to memory mapping:

RAX=0x000800005b937058 is an unknown value
RBX=0x000000001ad3eff0 is pointing into the stack for thread: 0x0000000019405800
RCX=0x000000001d333d60 is an unknown value
RDX=0x000000001ad3eff0 is pointing into the stack for thread: 0x0000000019405800
RSP=0x000000001ad3c110 is pointing into the stack for thread: 0x0000000019405800
RBP=0x000000001ad3c260 is pointing into the stack for thread: 0x0000000019405800
RSI=0x000000001ad3eff0 is pointing into the stack for thread: 0x0000000019405800
RDI=0x000000001d333c38 is an unknown value
R8 =0x000000001ad3c430 is pointing into the stack for thread: 0x0000000019405800
R9 =0x00000000ffffed65 is an unknown value
R10=0x000000001c5eec34 is an unknown value
R11=0x000000001c5eec36 is an unknown value
R12=0x0000000000000000 is an unknown value
R13=0x00000000000060d6 is an unknown value
R14=0x000000001ad3e7e0 is pointing into the stack for thread: 0x0000000019405800
R15=0x000000001d333c38 is an unknown value


Stack: [0x000000001ac40000,0x000000001ad40000],  sp=0x000000001ad3c110,  free space=1008k
Native frames: (J=compiled Java code, j=interpreted, Vv=VM code, C=native code)
V  [jvm.dll+0x55016f]
V  [jvm.dll+0x4fdae7]
V  [jvm.dll+0x4fedea]
V  [jvm.dll+0x475262]
V  [jvm.dll+0x477a37]
V  [jvm.dll+0x45a2b2]
V  [jvm.dll+0xa6012]
V  [jvm.dll+0xa694f]
V  [jvm.dll+0x24553f]
V  [jvm.dll+0x29d0ba]
C  [msvcr100.dll+0x21d9f]
C  [msvcr100.dll+0x21e3b]
C  [KERNEL32.DLL+0x11fe4]
C  [ntdll.dll+0x6efb1]


Current CompileTask:
C2:  13676 2875   !   4       com.android.dx.cf.code.BytecodeArray::parseInstruction (2796 bytes)


---------------  P R O C E S S  ---------------

Java Threads: ( => current thread )
  0x000000001b0b8800 JavaThread "pool-3-thread-1" [_thread_blocked, id=9760, stack(0x000000001bd40000,0x000000001be40000)]
  0x000000001b0af000 JavaThread "pool-2-thread-1" [_thread_in_Java, id=904, stack(0x000000001bc40000,0x000000001bd40000)]
  0x000000001ad75000 JavaThread "Service Thread" daemon [_thread_blocked, id=10432, stack(0x000000001b240000,0x000000001b340000)]
  0x000000001943b800 JavaThread "C1 CompilerThread2" daemon [_thread_blocked, id=13512, stack(0x000000001b140000,0x000000001b240000)]
=>0x0000000019405800 JavaThread "C2 CompilerThread1" daemon [_thread_in_native, id=2628, stack(0x000000001ac40000,0x000000001ad40000)]
  0x00000000193eb000 JavaThread "C2 CompilerThread0" daemon [_thread_in_native, id=5688, stack(0x000000001ab40000,0x000000001ac40000)]
  0x00000000193e9800 JavaThread "Attach Listener" daemon [_thread_blocked, id=8868, stack(0x000000001aa40000,0x000000001ab40000)]
  0x00000000193e8000 JavaThread "Signal Dispatcher" daemon [_thread_blocked, id=2352, stack(0x000000001a940000,0x000000001aa40000)]
  0x0000000004829000 JavaThread "Finalizer" daemon [_thread_blocked, id=7972, stack(0x000000001a640000,0x000000001a740000)]
  0x0000000004823000 JavaThread "Reference Handler" daemon [_thread_blocked, id=6640, stack(0x000000001a540000,0x000000001a640000)]
  0x0000000004733000 JavaThread "main" [_thread_in_vm, id=172, stack(0x0000000004630000,0x0000000004730000)]

Other Threads:
  0x00000000193a7000 VMThread [stack: 0x000000001a440000,0x000000001a540000] [id=13952]
  0x000000001ad75800 WatcherThread [stack: 0x000000001b340000,0x000000001b440000] [id=3256]

VM state:not at safepoint (normal execution)

VM Mutex/Monitor currently owned by a thread: None

Heap:
 PSYoungGen      total 535552K, used 208464K [0x00000000d5980000, 0x0000000100000000, 0x0000000100000000)
  eden space 442880K, 26% used [0x00000000d5980000,0x00000000dca953c0,0x00000000f0a00000)
  from space 92672K, 99% used [0x00000000f7d00000,0x00000000fd77efd0,0x00000000fd780000)
  to   space 117760K, 0% used [0x00000000f0a00000,0x00000000f0a00000,0x00000000f7d00000)
 ParOldGen       total 312320K, used 185074K [0x0000000080c00000, 0x0000000093d00000, 0x00000000d5980000)
  object space 312320K, 59% used [0x0000000080c00000,0x000000008c0bcb70,0x0000000093d00000)
 Metaspace       used 6896K, capacity 7384K, committed 7680K, reserved 1056768K
  class space    used 649K, capacity 656K, committed 768K, reserved 1048576K

Card table byte_map: [0x0000000013bf0000,0x0000000013ff0000] byte_map_base: 0x00000000137ea000

Marking Bits: (ParMarkBitMap*) 0x000000005bac0860
 Begin Bits: [0x00000000146a0000, 0x0000000016670000)
 End Bits:   [0x0000000016670000, 0x0000000018640000)

Polling page: 0x0000000002790000

CodeCache: size=245760Kb used=11463Kb max_used=11897Kb free=234296Kb
 bounds [0x0000000004830000, 0x00000000053e0000, 0x0000000013830000]
 total_blobs=2606 nmethods=2331 adapters=185
 compilation: enabled

Compilation events (10 events):
Event: 13.505 Thread 0x00000000193eb000 nmethod 2880 0x0000000004996710 code [0x00000000049968c0, 0x0000000004997228]
Event: 13.506 Thread 0x00000000193eb000 2881   !   4       java.lang.ref.ReferenceQueue::enqueue (119 bytes)
Event: 13.508 Thread 0x00000000193eb000 nmethod 2881 0x0000000004a0bdd0 code [0x0000000004a0bf40, 0x0000000004a0c428]
Event: 13.520 Thread 0x00000000193eb000 2882       4       com.android.dx.cf.code.BasicBlocker::visitThrowing (59 bytes)
Event: 13.534 Thread 0x00000000193eb000 nmethod 2882 0x0000000004bd0f50 code [0x0000000004bd10e0, 0x0000000004bd1be8]
Event: 13.543 Thread 0x00000000193eb000 2883       4       com.android.dx.cf.code.LocalVariableList::itemToLocal (47 bytes)
Event: 13.546 Thread 0x00000000193eb000 nmethod 2883 0x00000000053a0710 code [0x00000000053a0860, 0x00000000053a0b58]
Event: 13.546 Thread 0x00000000193eb000 2884   !   4       com.android.dx.cf.direct.StdAttributeFactory::parseLocalVariables (274 bytes)
Event: 13.547 Thread 0x000000001943b800 2885       1       com.android.dx.rop.cst.CstLiteral32::fitsInInt (2 bytes)
Event: 13.547 Thread 0x000000001943b800 nmethod 2885 0x0000000005371490 code [0x00000000053715e0, 0x00000000053716f0]

GC Heap History (10 events):
Event: 7.725 GC heap before
{Heap before GC invocations=8 (full 1):
 PSYoungGen      total 292864K, used 31730K [0x00000000d5980000, 0x00000000fbf80000, 0x0000000100000000)
  eden space 261120K, 0% used [0x00000000d5980000,0x00000000d5980000,0x00000000e5880000)
  from space 31744K, 99% used [0x00000000e5880000,0x00000000e777caa8,0x00000000e7780000)
  to   space 53248K, 0% used [0x00000000f8b80000,0x00000000f8b80000,0x00000000fbf80000)
 ParOldGen       total 87552K, used 74506K [0x0000000080c00000, 0x0000000086180000, 0x00000000d5980000)
  object space 87552K, 85% used [0x0000000080c00000,0x00000000854c2800,0x0000000086180000)
 Metaspace       used 6829K, capacity 7384K, committed 7680K, reserved 1056768K
  class space    used 648K, capacity 656K, committed 768K, reserved 1048576K
Event: 8.589 GC heap after
Heap after GC invocations=8 (full 1):
 PSYoungGen      total 292864K, used 15811K [0x00000000d5980000, 0x00000000fbf80000, 0x0000000100000000)
  eden space 261120K, 0% used [0x00000000d5980000,0x00000000d5980000,0x00000000e5880000)
  from space 31744K, 49% used [0x00000000e5880000,0x00000000e67f0f28,0x00000000e7780000)
  to   space 53248K, 0% used [0x00000000f8b80000,0x00000000f8b80000,0x00000000fbf80000)
 ParOldGen       total 174080K, used 87110K [0x0000000080c00000, 0x000000008b600000, 0x00000000d5980000)
  object space 174080K, 50% used [0x0000000080c00000,0x00000000861119f8,0x000000008b600000)
 Metaspace       used 6829K, capacity 7384K, committed 7680K, reserved 1056768K
  class space    used 648K, capacity 656K, committed 768K, reserved 1048576K
}
Event: 9.681 GC heap before
{Heap before GC invocations=9 (full 1):
 PSYoungGen      total 292864K, used 276931K [0x00000000d5980000, 0x00000000fbf80000, 0x0000000100000000)
  eden space 261120K, 100% used [0x00000000d5980000,0x00000000e5880000,0x00000000e5880000)
  from space 31744K, 49% used [0x00000000e5880000,0x00000000e67f0f28,0x00000000e7780000)
  to   space 53248K, 0% used [0x00000000f8b80000,0x00000000f8b80000,0x00000000fbf80000)
 ParOldGen       total 174080K, used 87110K [0x0000000080c00000, 0x000000008b600000, 0x00000000d5980000)
  object space 174080K, 50% used [0x0000000080c00000,0x00000000861119f8,0x000000008b600000)
 Metaspace       used 6866K, capacity 7384K, committed 7680K, reserved 1056768K
  class space    used 649K, capacity 656K, committed 768K, reserved 1048576K
Event: 9.815 GC heap after
Heap after GC invocations=9 (full 1):
 PSYoungGen      total 408576K, used 53231K [0x00000000d5980000, 0x00000000fbf80000, 0x0000000100000000)
  eden space 355328K, 0% used [0x00000000d5980000,0x00000000d5980000,0x00000000eb480000)
  from space 53248K, 99% used [0x00000000f8b80000,0x00000000fbf7bd70,0x00000000fbf80000)
  to   space 68096K, 0% used [0x00000000f3a80000,0x00000000f3a80000,0x00000000f7d00000)
 ParOldGen       total 174080K, used 99522K [0x0000000080c00000, 0x000000008b600000, 0x00000000d5980000)
  object space 174080K, 57% used [0x0000000080c00000,0x0000000086d30960,0x000000008b600000)
 Metaspace       used 6866K, capacity 7384K, committed 7680K, reserved 1056768K
  class space    used 649K, capacity 656K, committed 768K, reserved 1048576K
}
Event: 10.624 GC heap before
{Heap before GC invocations=10 (full 1):
 PSYoungGen      total 408576K, used 408559K [0x00000000d5980000, 0x00000000fbf80000, 0x0000000100000000)
  eden space 355328K, 100% used [0x00000000d5980000,0x00000000eb480000,0x00000000eb480000)
  from space 53248K, 99% used [0x00000000f8b80000,0x00000000fbf7bd70,0x00000000fbf80000)
  to   space 68096K, 0% used [0x00000000f3a80000,0x00000000f3a80000,0x00000000f7d00000)
 ParOldGen       total 174080K, used 99522K [0x0000000080c00000, 0x000000008b600000, 0x00000000d5980000)
  object space 174080K, 57% used [0x0000000080c00000,0x0000000086d30960,0x000000008b600000)
 Metaspace       used 6882K, capacity 7384K, committed 7680K, reserved 1056768K
  class space    used 649K, capacity 656K, committed 768K, reserved 1048576K
Event: 10.809 GC heap after
Heap after GC invocations=10 (full 1):
 PSYoungGen      total 523776K, used 68089K [0x00000000d5980000, 0x00000000fd780000, 0x0000000100000000)
  eden space 455680K, 0% used [0x00000000d5980000,0x00000000d5980000,0x00000000f1680000)
  from space 68096K, 99% used [0x00000000f3a80000,0x00000000f7cfe4e0,0x00000000f7d00000)
  to   space 92672K, 0% used [0x00000000f7d00000,0x00000000f7d00000,0x00000000fd780000)
 ParOldGen       total 174080K, used 145979K [0x0000000080c00000, 0x000000008b600000, 0x00000000d5980000)
  object space 174080K, 83% used [0x0000000080c00000,0x0000000089a8ec60,0x000000008b600000)
 Metaspace       used 6882K, capacity 7384K, committed 7680K, reserved 1056768K
  class space    used 649K, capacity 656K, committed 768K, reserved 1048576K
}
Event: 10.809 GC heap before
{Heap before GC invocations=11 (full 2):
 PSYoungGen      total 523776K, used 68089K [0x00000000d5980000, 0x00000000fd780000, 0x0000000100000000)
  eden space 455680K, 0% used [0x00000000d5980000,0x00000000d5980000,0x00000000f1680000)
  from space 68096K, 99% used [0x00000000f3a80000,0x00000000f7cfe4e0,0x00000000f7d00000)
  to   space 92672K, 0% used [0x00000000f7d00000,0x00000000f7d00000,0x00000000fd780000)
 ParOldGen       total 174080K, used 145979K [0x0000000080c00000, 0x000000008b600000, 0x00000000d5980000)
  object space 174080K, 83% used [0x0000000080c00000,0x0000000089a8ec60,0x000000008b600000)
 Metaspace       used 6882K, capacity 7384K, committed 7680K, reserved 1056768K
  class space    used 649K, capacity 656K, committed 768K, reserved 1048576K
Event: 12.214 GC heap after
Heap after GC invocations=11 (full 2):
 PSYoungGen      total 523776K, used 33480K [0x00000000d5980000, 0x00000000fd780000, 0x0000000100000000)
  eden space 455680K, 0% used [0x00000000d5980000,0x00000000d5980000,0x00000000f1680000)
  from space 68096K, 49% used [0x00000000f3a80000,0x00000000f5b32308,0x00000000f7d00000)
  to   space 92672K, 0% used [0x00000000f7d00000,0x00000000f7d00000,0x00000000fd780000)
 ParOldGen       total 312320K, used 173977K [0x0000000080c00000, 0x0000000093d00000, 0x00000000d5980000)
  object space 312320K, 55% used [0x0000000080c00000,0x000000008b5e6678,0x0000000093d00000)
 Metaspace       used 6882K, capacity 7384K, committed 7680K, reserved 1056768K
  class space    used 649K, capacity 656K, committed 768K, reserved 1048576K
}
Event: 13.315 GC heap before
{Heap before GC invocations=12 (full 2):
 PSYoungGen      total 523776K, used 489160K [0x00000000d5980000, 0x00000000fd780000, 0x0000000100000000)
  eden space 455680K, 100% used [0x00000000d5980000,0x00000000f1680000,0x00000000f1680000)
  from space 68096K, 49% used [0x00000000f3a80000,0x00000000f5b32308,0x00000000f7d00000)
  to   space 92672K, 0% used [0x00000000f7d00000,0x00000000f7d00000,0x00000000fd780000)
 ParOldGen       total 312320K, used 173977K [0x0000000080c00000, 0x0000000093d00000, 0x00000000d5980000)
  object space 312320K, 55% used [0x0000000080c00000,0x000000008b5e6678,0x0000000093d00000)
 Metaspace       used 6896K, capacity 7384K, committed 7680K, reserved 1056768K
  class space    used 649K, capacity 656K, committed 768K, reserved 1048576K
Event: 13.499 GC heap after
Heap after GC invocations=12 (full 2):
 PSYoungGen      total 535552K, used 92667K [0x00000000d5980000, 0x0000000100000000, 0x0000000100000000)
  eden space 442880K, 0% used [0x00000000d5980000,0x00000000d5980000,0x00000000f0a00000)
  from space 92672K, 99% used [0x00000000f7d00000,0x00000000fd77efd0,0x00000000fd780000)
  to   space 117760K, 0% used [0x00000000f0a00000,0x00000000f0a00000,0x00000000f7d00000)
 ParOldGen       total 312320K, used 185074K [0x0000000080c00000, 0x0000000093d00000, 0x00000000d5980000)
  object space 312320K, 59% used [0x0000000080c00000,0x000000008c0bcb70,0x0000000093d00000)
 Metaspace       used 6896K, capacity 7384K, committed 7680K, reserved 1056768K
  class space    used 649K, capacity 656K, committed 768K, reserved 1048576K
}

Deoptimization events (10 events):
Event: 12.361 Thread 0x000000001b0af000 Uncommon trap: reason=unstable_if action=reinterpret pc=0x0000000004bd26f4 method=com.android.dx.ssa.SsaMethod.getExitBlock()Lcom/android/dx/ssa/SsaBasicBlock; @ 4
Event: 12.361 Thread 0x000000001b0af000 Uncommon trap: reason=unstable_if action=reinterpret pc=0x00000000049ac674 method=com.android.dx.ssa.SsaMethod.getExitBlock()Lcom/android/dx/ssa/SsaBasicBlock; @ 4
Event: 12.361 Thread 0x000000001b0af000 Uncommon trap: reason=unstable_if action=reinterpret pc=0x0000000004f08740 method=com.android.dx.ssa.SsaMethod.getExitBlock()Lcom/android/dx/ssa/SsaBasicBlock; @ 4
Event: 12.475 Thread 0x000000001b0af000 Uncommon trap: reason=unstable_if action=reinterpret pc=0x0000000004eac020 method=com.android.dx.rop.code.DexTranslationAdvice.hasConstantOperation(Lcom/android/dx/rop/code/Rop;Lcom/android/dx/rop/code/RegisterSpec;Lcom/android/dx/rop/code/RegisterSpec;)Z
Event: 12.477 Thread 0x000000001b0af000 Uncommon trap: reason=unstable_if action=reinterpret pc=0x0000000004a91190 method=com.android.dx.ssa.SCCP.simulateStmt(Lcom/android/dx/ssa/SsaInsn;)V @ 435
Event: 13.229 Thread 0x000000001b0af000 Uncommon trap: reason=bimorphic action=maybe_recompile pc=0x0000000005309d24 method=com.android.dx.cf.code.BytecodeArray.parseInstruction(ILcom/android/dx/cf/code/BytecodeArray$Visitor;)I @ 1987
Event: 13.229 Thread 0x000000001b0af000 Uncommon trap: reason=unstable_if action=reinterpret pc=0x00000000052be574 method=com.android.dx.cf.code.BytecodeArray.parseNewarray(ILcom/android/dx/cf/code/BytecodeArray$Visitor;)I @ 286
Event: 13.229 Thread 0x000000001b0af000 Uncommon trap: reason=bimorphic action=maybe_recompile pc=0x0000000005309d24 method=com.android.dx.cf.code.BytecodeArray.parseInstruction(ILcom/android/dx/cf/code/BytecodeArray$Visitor;)I @ 1987
Event: 13.300 Thread 0x0000000004733000 Uncommon trap: reason=class_check action=maybe_recompile pc=0x0000000004c0cc2c method=java.util.HashMap$TreeNode.find(ILjava/lang/Object;Ljava/lang/Class;)Ljava/util/HashMap$TreeNode; @ 68
Event: 13.300 Thread 0x0000000004733000 Uncommon trap: reason=class_check action=maybe_recompile pc=0x0000000004c0cc2c method=java.util.HashMap$TreeNode.find(ILjava/lang/Object;Ljava/lang/Class;)Ljava/util/HashMap$TreeNode; @ 68

Classes redefined (0 events):
No events

Internal exceptions (9 events):
Event: 0.036 Thread 0x0000000004733000 Exception <a 'java/lang/NoSuchMethodError': Method sun.misc.Unsafe.defineClass(Ljava/lang/String;[BII)Ljava/lang/Class; name or signature does not match> (0x00000000d5987ca8) thrown at [C:\re\workspace\8-2-build-windows-amd64-cygwin\jdk8u152\9742\hotspot\
Event: 0.036 Thread 0x0000000004733000 Exception <a 'java/lang/NoSuchMethodError': Method sun.misc.Unsafe.prefetchRead(Ljava/lang/Object;J)V name or signature does not match> (0x00000000d5987f90) thrown at [C:\re\workspace\8-2-build-windows-amd64-cygwin\jdk8u152\9742\hotspot\src\share\vm\prims
Event: 0.775 Thread 0x0000000004733000 Implicit null exception at 0x0000000004bc4862 to 0x0000000004bc4952
Event: 3.320 Thread 0x000000001b0af000 Exception <a 'java/lang/ArrayIndexOutOfBoundsException': 18> (0x00000000d8f911d8) thrown at [C:\re\workspace\8-2-build-windows-amd64-cygwin\jdk8u152\9742\hotspot\src\share\vm\interpreter\interpreterRuntime.cpp, line 366]
Event: 3.321 Thread 0x000000001b0af000 Exception <a 'java/lang/ArrayIndexOutOfBoundsException'> (0x00000000d8f92d58) thrown at [C:\re\workspace\8-2-build-windows-amd64-cygwin\jdk8u152\9742\hotspot\src\share\vm\runtime\sharedRuntime.cpp, line 605]
Event: 3.321 Thread 0x000000001b0af000 Exception <a 'java/lang/ArrayIndexOutOfBoundsException'> (0x00000000d8f94040) thrown at [C:\re\workspace\8-2-build-windows-amd64-cygwin\jdk8u152\9742\hotspot\src\share\vm\runtime\sharedRuntime.cpp, line 605]
Event: 5.270 Thread 0x000000001b0af000 Implicit null exception at 0x0000000004bacbcc to 0x0000000004bae715
Event: 5.271 Thread 0x000000001b0af000 Implicit null exception at 0x0000000004fe12d1 to 0x0000000004fe29c5
Event: 5.271 Thread 0x000000001b0af000 Implicit null exception at 0x00000000051cad74 to 0x00000000051ccce5

Events (10 events):
Event: 13.534 Thread 0x00000000193eb000 flushing nmethod 0x0000000004c2b210
Event: 13.534 Thread 0x00000000193eb000 flushing nmethod 0x0000000004c2d150
Event: 13.534 Thread 0x00000000193eb000 flushing nmethod 0x0000000004c30690
Event: 13.534 Thread 0x00000000193eb000 flushing nmethod 0x0000000004c48750
Event: 13.546 Thread 0x00000000193eb000 flushing nmethod 0x0000000004c7b510
Event: 13.546 Thread 0x00000000193eb000 flushing nmethod 0x0000000004ccb510
Event: 13.546 Thread 0x00000000193eb000 flushing nmethod 0x0000000004cdd010
Event: 13.546 Thread 0x00000000193eb000 flushing nmethod 0x0000000004cde710
Event: 13.546 Thread 0x00000000193eb000 flushing nmethod 0x0000000004ce5090
Event: 13.547 Thread 0x000000001943b800 flushing nmethod 0x0000000004d5c990


Dynamic libraries:
0x00007ff76bf50000 - 0x00007ff76bf87000 	C:\Program Files\Java\jdk1.8.0_152\bin\java.exe
0x00007ffaabec0000 - 0x00007ffaac0a0000 	C:\WINDOWS\SYSTEM32\ntdll.dll
0x00007ffaa98f0000 - 0x00007ffaa999e000 	C:\WINDOWS\System32\KERNEL32.DLL
0x00007ffaa9080000 - 0x00007ffaa92e6000 	C:\WINDOWS\System32\KERNELBASE.dll
0x00007ffaa9c80000 - 0x00007ffaa9d21000 	C:\WINDOWS\System32\ADVAPI32.dll
0x00007ffaa9e80000 - 0x00007ffaa9f1d000 	C:\WINDOWS\System32\msvcrt.dll
0x00007ffaa9c20000 - 0x00007ffaa9c7b000 	C:\WINDOWS\System32\sechost.dll
0x00007ffaaa010000 - 0x00007ffaaa12f000 	C:\WINDOWS\System32\RPCRT4.dll
0x00007ffaabc70000 - 0x00007ffaabdff000 	C:\WINDOWS\System32\USER32.dll
0x00007ffaa82c0000 - 0x00007ffaa82e0000 	C:\WINDOWS\System32\win32u.dll
0x00007ffaa9bf0000 - 0x00007ffaa9c18000 	C:\WINDOWS\System32\GDI32.dll
0x00007ffaa82e0000 - 0x00007ffaa8473000 	C:\WINDOWS\System32\gdi32full.dll
0x00007ffaa92f0000 - 0x00007ffaa938b000 	C:\WINDOWS\System32\msvcp_win.dll
0x00007ffaa8480000 - 0x00007ffaa8576000 	C:\WINDOWS\System32\ucrtbase.dll
0x00007ffa96920000 - 0x00007ffa96b89000 	C:\WINDOWS\WinSxS\amd64_microsoft.windows.common-controls_6595b64144ccf1df_6.0.16299.192_none_15c8cdae9364c23b\COMCTL32.dll
0x00007ffaaa140000 - 0x00007ffaaa448000 	C:\WINDOWS\System32\combase.dll
0x00007ffaa8630000 - 0x00007ffaa86a2000 	C:\WINDOWS\System32\bcryptPrimitives.dll
0x00007ffaabe00000 - 0x00007ffaabe2d000 	C:\WINDOWS\System32\IMM32.DLL
0x000000005bb40000 - 0x000000005bc12000 	C:\Program Files\Java\jdk1.8.0_152\jre\bin\msvcr100.dll
0x000000005b2a0000 - 0x000000005bb40000 	C:\Program Files\Java\jdk1.8.0_152\jre\bin\server\jvm.dll
0x00007ffaabbe0000 - 0x00007ffaabbe8000 	C:\WINDOWS\System32\PSAPI.DLL
0x00007ffa9d7a0000 - 0x00007ffa9d7a9000 	C:\WINDOWS\SYSTEM32\WSOCK32.dll
0x00007ffaaa560000 - 0x00007ffaaa5cc000 	C:\WINDOWS\System32\WS2_32.dll
0x00007ffaa1e80000 - 0x00007ffaa1ea3000 	C:\WINDOWS\SYSTEM32\WINMM.dll
0x00007ffaa1070000 - 0x00007ffaa107a000 	C:\WINDOWS\SYSTEM32\VERSION.dll
0x00007ffaa1e20000 - 0x00007ffaa1e4a000 	C:\WINDOWS\SYSTEM32\WINMMBASE.dll
0x00007ffaa86b0000 - 0x00007ffaa86fa000 	C:\WINDOWS\System32\cfgmgr32.dll
0x000000005b290000 - 0x000000005b29f000 	C:\Program Files\Java\jdk1.8.0_152\jre\bin\verify.dll
0x000000005b260000 - 0x000000005b289000 	C:\Program Files\Java\jdk1.8.0_152\jre\bin\java.dll
0x000000005b240000 - 0x000000005b256000 	C:\Program Files\Java\jdk1.8.0_152\jre\bin\zip.dll
0x00007ffaaa7a0000 - 0x00007ffaabbd6000 	C:\WINDOWS\System32\SHELL32.dll
0x00007ffaa99a0000 - 0x00007ffaa9a46000 	C:\WINDOWS\System32\shcore.dll
0x00007ffaa8930000 - 0x00007ffaa9077000 	C:\WINDOWS\System32\windows.storage.dll
0x00007ffaaa740000 - 0x00007ffaaa791000 	C:\WINDOWS\System32\shlwapi.dll
0x00007ffaa82a0000 - 0x00007ffaa82b1000 	C:\WINDOWS\System32\kernel.appcore.dll
0x00007ffaa8210000 - 0x00007ffaa825c000 	C:\WINDOWS\System32\powrprof.dll
0x00007ffaa8260000 - 0x00007ffaa827b000 	C:\WINDOWS\System32\profapi.dll
0x00007ffaa7d90000 - 0x00007ffaa7f58000 	C:\WINDOWS\SYSTEM32\dbghelp.dll

VM Arguments:
java_command: C:\Program Files (x86)\Android\android-sdk\build-tools\27.0.2\\lib\dx.jar --dex --no-strict --multi-dex --main-dex-list=obj\Debug\multidex.keep --output obj\Debug\android\bin E:\ProjetosSSAT\Tracking\Droid\obj\Debug\android\bin\classes\classes.zip C:\Program Files (x86)\Microsoft Visual Studio\2017\Enterprise\Common7\IDE\ReferenceAssemblies\Microsoft\Framework\MonoAndroid\v8.0\mono.android.jar C:\Program Files (x86)\Microsoft Visual Studio\2017\Enterprise\MSBuild\Xamarin\Android\android-support-multidex.jar obj\Debug\lp\11\jl\bin\classes.jar obj\Debug\lp\20\jl\arch-core-common.jar obj\Debug\lp\21\jl\arch-lifecycle-common.jar obj\Debug\lp\22\jl\bin\classes.jar obj\Debug\lp\23\jl\bin\classes.jar obj\Debug\lp\25\jl\bin\classes.jar obj\Debug\lp\26\jl\bin\classes.jar obj\Debug\lp\27\jl\bin\classes.jar obj\Debug\lp\28\jl\bin\classes.jar obj\Debug\lp\29\jl\bin\classes.jar obj\Debug\lp\3\jl\formsviewgroup.jar obj\Debug\lp\30\jl\bin\classes.jar obj\Debug\lp\31\jl\bin\classes.jar obj\Debug\lp\32\jl\bin\classes.jar obj\Debug\lp\33\jl\bin\classes.jar obj\Debug\lp\34\jl\bin\classes.jar obj\Debug\lp\35\jl\bin\classes.jar obj\Debug\lp\36\jl\bin\classes.jar obj\Debug\lp\37\jl\bin\classes.jar obj\Debug\lp\38\jl\bin\classes.jar obj\Debug\lp\4\jl\bin\classes.jar obj\Debug\lp\45\jl\classes.jar obj\Debug\lp\46\jl\classes.jar obj\Debug\lp\47\jl\classes.jar obj\Debug\lp\48\jl\classes.jar obj\Debug\lp\49\jl\classes.jar obj\Debug\lp\50\jl\classes.jar obj\Debug\lp\6\jl\bin\classes.jar obj\Debug\lp\7\jl\bin\classes.jar
java_class_path (initial): C:\Program Files (x86)\Android\android-sdk\build-tools\27.0.2\\lib\dx.jar
Launcher Type: SUN_STANDARD

Environment Variables:
PATH=C:\Program Files\Java\jdk1.8.0_152\bin;C:\WINDOWS\system32;C:\WINDOWS;C:\WINDOWS\System32\Wbem;C:\WINDOWS\System32\WindowsPowerShell\v1.0\;C:\Program Files (x86)\ATI Technologies\ATI.ACE\Core-Static;C:\Program Files\Microsoft SQL Server\120\Tools\Binn\;C:\Program Files\Microsoft SQL Server\130\Tools\Binn\;C:\Program Files (x86)\nodejs\;C:\Program Files\Git\cmd;C:\Program Files (x86)\Skype\Phone\;C:\Program Files (x86)\dotnet\;C:\Program Files\Microsoft DNX\Dnvm\;C:\Program Files\dotnet\;C:\Program Files (x86)\Calibre2\;C:\Program Files (x86)\Microsoft SQL Server\Client SDK\ODBC\130\Tools\Binn\;C:\Program Files (x86)\Microsoft SQL Server\140\Tools\Binn\;C:\Program Files (x86)\Microsoft SQL Server\140\DTS\Binn\;C:\Program Files (x86)\Microsoft SQL Server\140\Tools\Binn\ManagementStudio\;C:\Users\Alexandre.Gois\AppData\Local\Microsoft\WindowsApps
USERNAME=Alexandre.Gois
OS=Windows_NT
PROCESSOR_IDENTIFIER=Intel64 Family 6 Model 58 Stepping 9, GenuineIntel



---------------  S Y S T E M  ---------------

OS: Windows 10.0 , 64 bit Build 16299 (10.0.16299.15)

CPU:total 4 (initial active 4) (4 cores per cpu, 1 threads per core) family 6 model 58 stepping 9, cmov, cx8, fxsr, mmx, sse, sse2, sse3, ssse3, sse4.1, sse4.2, popcnt, avx, aes, clmul, erms, tsc, tscinvbit, tscinv

Memory: 4k page, physical 8333444k(802168k free), swap 17246340k(5372548k free)

vm_info: Java HotSpot(TM) 64-Bit Server VM (25.152-b16) for windows-amd64 JRE (1.8.0_152-b16), built on Sep 14 2017 02:29:36 by "java_re" with MS VC++ 10.0 (VS2010)

time: Sat Feb 17 15:58:14 2018
elapsed time: 13 seconds (0d 0h 0m 13s)

