#
# A fatal error has been detected by the Java Runtime Environment:
#
#  EXCEPTION_ACCESS_VIOLATION (0xc0000005) at pc=0x000000005b7649be, pid=344, tid=0x000000000000094c
#
# JRE version: Java(TM) SE Runtime Environment (8.0_152-b16) (build 1.8.0_152-b16)
# Java VM: Java HotSpot(TM) 64-Bit Server VM (25.152-b16 mixed mode windows-amd64 compressed oops)
# Problematic frame:
# V  [jvm.dll+0x4c49be]
#
# Failed to write core dump. Minidumps are not enabled by default on client versions of Windows
#
# If you would like to submit a bug report, please visit:
#   http://bugreport.java.com/bugreport/crash.jsp
#

---------------  T H R E A D  ---------------

Current thread (0x0000000019836800):  JavaThread "C2 CompilerThread1" daemon [_thread_in_native, id=2380, stack(0x000000001b080000,0x000000001b180000)]

siginfo: ExceptionCode=0xc0000005, reading address 0xffffffffffffffff

Registers:
RAX=0x000000001c7f6ce0, RBX=0x000800001c802700, RCX=0x0000000000000010, RDX=0x0000000000000000
RSP=0x000000001b17ba30, RBP=0x0000000000000004, RSI=0x0000000000000f8f, RDI=0x000000001b17bb48
R8 =0x000000001b5533b0, R9 =0x0000000010000000, R10=0x000000001b17bf30, R11=0x000000001b17bf30
R12=0x0000000000000011, R13=0x000000001c7fd8c0, R14=0x000000001b17bad8, R15=0x000000001b17baf8
RIP=0x000000005b7649be, EFLAGS=0x0000000000010207

Top of Stack: (sp=0x000000001b17ba30)
0x000000001b17ba30:   000000001c805450 0000000000000f7d
0x000000001b17ba40:   0000000000000001 00000000197f5900
0x000000001b17ba50:   000000001b17c908 000000005b797cf0
0x000000001b17ba60:   000000001bfd2ef0 00000000197f5900
0x000000001b17ba70:   0000000019875830 000000001b17bba0
0x000000001b17ba80:   00000000197f5900 0000000000000003
0x000000001b17ba90:   000000001b17bf30 000000005b7668d3
0x000000001b17baa0:   000000001b17bf30 0000000000000001
0x000000001b17bab0:   0000000000000028 000000001b17bb48
0x000000001b17bac0:   000000001bfd2f40 000000001bfdaed8
0x000000001b17bad0:   00000000000b81a8 00000000197f5900
0x000000001b17bae0:   0000000000001000 000000001c9d8070
0x000000001b17baf0:   0000000000000f90 000000005b91a9a8
0x000000001b17bb00:   00000000197f5900 0000000000000200
0x000000001b17bb10:   000000001d0cc030 0000000000000003
0x000000001b17bb20:   000000001bfd2ef0 00000000197f5900 

Instructions: (pc=0x000000005b7649be)
0x000000005b76499e:   33 e4 89 8c 24 80 00 00 00 44 3b e1 0f 83 6e 01
0x000000005b7649ae:   00 00 49 8b 45 10 41 8b cc 41 ff c4 48 8b 1c c8
0x000000005b7649be:   8b 43 28 41 3b 42 28 73 0d 8b c8 49 8b 42 30 48
0x000000005b7649ce:   83 3c c8 00 75 3c 48 83 7b 10 00 74 35 49 8d b2 


Register to memory mapping:

RAX=0x000000001c7f6ce0 is an unknown value
RBX=0x000800001c802700 is an unknown value
RCX=0x0000000000000010 is an unknown value
RDX=0x0000000000000000 is an unknown value
RSP=0x000000001b17ba30 is pointing into the stack for thread: 0x0000000019836800
RBP=0x0000000000000004 is an unknown value
RSI=0x0000000000000f8f is an unknown value
RDI=0x000000001b17bb48 is pointing into the stack for thread: 0x0000000019836800
R8 =0x000000001b5533b0 is an unknown value
R9 =0x0000000010000000 is an unknown value
R10=0x000000001b17bf30 is pointing into the stack for thread: 0x0000000019836800
R11=0x000000001b17bf30 is pointing into the stack for thread: 0x0000000019836800
R12=0x0000000000000011 is an unknown value
R13=0x000000001c7fd8c0 is an unknown value
R14=0x000000001b17bad8 is pointing into the stack for thread: 0x0000000019836800
R15=0x000000001b17baf8 is pointing into the stack for thread: 0x0000000019836800


Stack: [0x000000001b080000,0x000000001b180000],  sp=0x000000001b17ba30,  free space=1006k
Native frames: (J=compiled Java code, j=interpreted, Vv=VM code, C=native code)
V  [jvm.dll+0x4c49be]
V  [jvm.dll+0x4c68d3]
V  [jvm.dll+0x47654c]
V  [jvm.dll+0x4779a3]
V  [jvm.dll+0x45a2b2]
V  [jvm.dll+0xa6012]
V  [jvm.dll+0xa694f]
V  [jvm.dll+0x24553f]
V  [jvm.dll+0x29d0ba]
C  [msvcr100.dll+0x21d9f]
C  [msvcr100.dll+0x21e3b]
C  [KERNEL32.DLL+0x11fe4]
C  [ntdll.dll+0x6efb1]


Current CompileTask:
C2:   6473 2480   !   4       com.android.dx.cf.code.Ropper::processBlock (1101 bytes)


---------------  P R O C E S S  ---------------

Java Threads: ( => current thread )
  0x000000001b58c800 JavaThread "pool-3-thread-1" [_thread_blocked, id=14016, stack(0x000000001b980000,0x000000001ba80000)]
  0x000000001b582800 JavaThread "pool-2-thread-1" [_thread_in_vm, id=9252, stack(0x000000001b880000,0x000000001b980000)]
  0x000000001b2b0800 JavaThread "Service Thread" daemon [_thread_blocked, id=13292, stack(0x000000001b680000,0x000000001b780000)]
  0x000000001983f000 JavaThread "C1 CompilerThread2" daemon [_thread_in_vm, id=11276, stack(0x000000001b180000,0x000000001b280000)]
=>0x0000000019836800 JavaThread "C2 CompilerThread1" daemon [_thread_in_native, id=2380, stack(0x000000001b080000,0x000000001b180000)]
  0x0000000019830800 JavaThread "C2 CompilerThread0" daemon [_thread_in_native, id=11972, stack(0x000000001af80000,0x000000001b080000)]
  0x000000001982f000 JavaThread "Attach Listener" daemon [_thread_blocked, id=6632, stack(0x000000001ae80000,0x000000001af80000)]
  0x000000001982e000 JavaThread "Signal Dispatcher" daemon [_thread_blocked, id=12096, stack(0x000000001ad80000,0x000000001ae80000)]
  0x000000001981a800 JavaThread "Finalizer" daemon [_thread_blocked, id=5084, stack(0x000000001aa80000,0x000000001ab80000)]
  0x0000000004c74800 JavaThread "Reference Handler" daemon [_thread_blocked, id=6868, stack(0x000000001a980000,0x000000001aa80000)]
  0x0000000004b83000 JavaThread "main" [_thread_in_vm, id=4568, stack(0x00000000049c0000,0x0000000004ac0000)]

Other Threads:
  0x00000000197f6800 VMThread [stack: 0x000000001a880000,0x000000001a980000] [id=4392]
  0x000000001b2c5000 WatcherThread [stack: 0x000000001b780000,0x000000001b880000] [id=12860]

VM state:not at safepoint (normal execution)

VM Mutex/Monitor currently owned by a thread: None

Heap:
 PSYoungGen      total 291328K, used 181579K [0x00000000d5980000, 0x00000000f4f80000, 0x0000000100000000)
  eden space 253952K, 63% used [0x00000000d5980000,0x00000000df5ff840,0x00000000e5180000)
  from space 37376K, 57% used [0x00000000e5180000,0x00000000e6653788,0x00000000e7600000)
  to   space 53760K, 0% used [0x00000000f1b00000,0x00000000f1b00000,0x00000000f4f80000)
 ParOldGen       total 165376K, used 87139K [0x0000000080c00000, 0x000000008ad80000, 0x00000000d5980000)
  object space 165376K, 52% used [0x0000000080c00000,0x0000000086118fc0,0x000000008ad80000)
 Metaspace       used 6867K, capacity 7384K, committed 7680K, reserved 1056768K
  class space    used 649K, capacity 656K, committed 768K, reserved 1048576K

Card table byte_map: [0x0000000014040000,0x0000000014440000] byte_map_base: 0x0000000013c3a000

Marking Bits: (ParMarkBitMap*) 0x000000005bac0860
 Begin Bits: [0x0000000014af0000, 0x0000000016ac0000)
 End Bits:   [0x0000000016ac0000, 0x0000000018a90000)

Polling page: 0x0000000002cd0000

CodeCache: size=245760Kb used=11648Kb max_used=11648Kb free=234111Kb
 bounds [0x0000000004c80000, 0x00000000057f0000, 0x0000000013c80000]
 total_blobs=2687 nmethods=2414 adapters=185
 compilation: enabled

Compilation events (10 events):
Event: 6.412 Thread 0x000000001983f000 2556       3       java.util.HashMap::putVal (300 bytes)
Event: 6.413 Thread 0x000000001983f000 nmethod 2556 0x00000000057d38d0 code [0x00000000057d3b40, 0x00000000057d4df8]
Event: 6.426 Thread 0x0000000019830800 nmethod 2551 0x00000000057e5e50 code [0x00000000057e60a0, 0x00000000057e79a0]
Event: 6.426 Thread 0x0000000019830800 2558   !   4       com.android.dx.cf.code.Ropper::doit (126 bytes)
Event: 6.443 Thread 0x000000001983f000 2560 % !   3       com.android.dx.dex.cf.CfTranslator::processFields @ 23 (251 bytes)
Event: 6.445 Thread 0x000000001983f000 nmethod 2560% 0x00000000057ceb90 code [0x00000000057cefe0, 0x00000000057d1b88]
Event: 6.445 Thread 0x000000001983f000 2561   !   3       com.android.dx.dex.cf.CfTranslator::processFields (251 bytes)
Event: 6.447 Thread 0x000000001983f000 nmethod 2561 0x00000000057ea490 code [0x00000000057ea8e0, 0x00000000057ed368]
Event: 6.451 Thread 0x000000001983f000 2562       2       com.android.dx.dex.code.ArrayData::<init> (189 bytes)
Event: 6.452 Thread 0x000000001983f000 nmethod 2562 0x00000000057bd050 code [0x00000000057bd220, 0x00000000057bd7a8]

GC Heap History (10 events):
Event: 2.648 GC heap before
{Heap before GC invocations=6 (full 0):
 PSYoungGen      total 71680K, used 71670K [0x00000000d5980000, 0x00000000dfc80000, 0x0000000100000000)
  eden space 66560K, 100% used [0x00000000d5980000,0x00000000d9a80000,0x00000000d9a80000)
  from space 5120K, 99% used [0x00000000d9a80000,0x00000000d9f7dab8,0x00000000d9f80000)
  to   space 16896K, 0% used [0x00000000dec00000,0x00000000dec00000,0x00000000dfc80000)
 ParOldGen       total 87552K, used 25162K [0x0000000080c00000, 0x0000000086180000, 0x00000000d5980000)
  object space 87552K, 28% used [0x0000000080c00000,0x0000000082492918,0x0000000086180000)
 Metaspace       used 6728K, capacity 7320K, committed 7680K, reserved 1056768K
  class space    used 648K, capacity 656K, committed 768K, reserved 1048576K
Event: 2.681 GC heap after
Heap after GC invocations=6 (full 0):
 PSYoungGen      total 148480K, used 14681K [0x00000000d5980000, 0x00000000dff80000, 0x0000000100000000)
  eden space 131584K, 0% used [0x00000000d5980000,0x00000000d5980000,0x00000000dda00000)
  from space 16896K, 86% used [0x00000000dec00000,0x00000000dfa56528,0x00000000dfc80000)
  to   space 18432K, 0% used [0x00000000dda00000,0x00000000dda00000,0x00000000dec00000)
 ParOldGen       total 87552K, used 25162K [0x0000000080c00000, 0x0000000086180000, 0x00000000d5980000)
  object space 87552K, 28% used [0x0000000080c00000,0x0000000082492918,0x0000000086180000)
 Metaspace       used 6728K, capacity 7320K, committed 7680K, reserved 1056768K
  class space    used 648K, capacity 656K, committed 768K, reserved 1048576K
}
Event: 3.361 GC heap before
{Heap before GC invocations=7 (full 0):
 PSYoungGen      total 148480K, used 146265K [0x00000000d5980000, 0x00000000dff80000, 0x0000000100000000)
  eden space 131584K, 100% used [0x00000000d5980000,0x00000000dda00000,0x00000000dda00000)
  from space 16896K, 86% used [0x00000000dec00000,0x00000000dfa56528,0x00000000dfc80000)
  to   space 18432K, 0% used [0x00000000dda00000,0x00000000dda00000,0x00000000dec00000)
 ParOldGen       total 87552K, used 25162K [0x0000000080c00000, 0x0000000086180000, 0x00000000d5980000)
  object space 87552K, 28% used [0x0000000080c00000,0x0000000082492918,0x0000000086180000)
 Metaspace       used 6810K, capacity 7384K, committed 7680K, reserved 1056768K
  class space    used 648K, capacity 656K, committed 768K, reserved 1048576K
Event: 3.414 GC heap after
Heap after GC invocations=7 (full 0):
 PSYoungGen      total 150016K, used 18427K [0x00000000d5980000, 0x00000000e9180000, 0x0000000100000000)
  eden space 131584K, 0% used [0x00000000d5980000,0x00000000d5980000,0x00000000dda00000)
  from space 18432K, 99% used [0x00000000dda00000,0x00000000debfec78,0x00000000dec00000)
  to   space 28160K, 0% used [0x00000000e7600000,0x00000000e7600000,0x00000000e9180000)
 ParOldGen       total 87552K, used 39451K [0x0000000080c00000, 0x0000000086180000, 0x00000000d5980000)
  object space 87552K, 45% used [0x0000000080c00000,0x0000000083286d68,0x0000000086180000)
 Metaspace       used 6810K, capacity 7384K, committed 7680K, reserved 1056768K
  class space    used 648K, capacity 656K, committed 768K, reserved 1048576K
}
Event: 4.006 GC heap before
{Heap before GC invocations=8 (full 0):
 PSYoungGen      total 150016K, used 150011K [0x00000000d5980000, 0x00000000e9180000, 0x0000000100000000)
  eden space 131584K, 100% used [0x00000000d5980000,0x00000000dda00000,0x00000000dda00000)
  from space 18432K, 99% used [0x00000000dda00000,0x00000000debfec78,0x00000000dec00000)
  to   space 28160K, 0% used [0x00000000e7600000,0x00000000e7600000,0x00000000e9180000)
 ParOldGen       total 87552K, used 39451K [0x0000000080c00000, 0x0000000086180000, 0x00000000d5980000)
  object space 87552K, 45% used [0x0000000080c00000,0x0000000083286d68,0x0000000086180000)
 Metaspace       used 6818K, capacity 7384K, committed 7680K, reserved 1056768K
  class space    used 648K, capacity 656K, committed 768K, reserved 1048576K
Event: 4.052 GC heap after
Heap after GC invocations=8 (full 0):
 PSYoungGen      total 282112K, used 28128K [0x00000000d5980000, 0x00000000ea380000, 0x0000000100000000)
  eden space 253952K, 0% used [0x00000000d5980000,0x00000000d5980000,0x00000000e5180000)
  from space 28160K, 99% used [0x00000000e7600000,0x00000000e91782e8,0x00000000e9180000)
  to   space 37376K, 0% used [0x00000000e5180000,0x00000000e5180000,0x00000000e7600000)
 ParOldGen       total 87552K, used 49750K [0x0000000080c00000, 0x0000000086180000, 0x00000000d5980000)
  object space 87552K, 56% used [0x0000000080c00000,0x0000000083c95a88,0x0000000086180000)
 Metaspace       used 6818K, capacity 7384K, committed 7680K, reserved 1056768K
  class space    used 648K, capacity 656K, committed 768K, reserved 1048576K
}
Event: 5.094 GC heap before
{Heap before GC invocations=9 (full 0):
 PSYoungGen      total 282112K, used 282080K [0x00000000d5980000, 0x00000000ea380000, 0x0000000100000000)
  eden space 253952K, 100% used [0x00000000d5980000,0x00000000e5180000,0x00000000e5180000)
  from space 28160K, 99% used [0x00000000e7600000,0x00000000e91782e8,0x00000000e9180000)
  to   space 37376K, 0% used [0x00000000e5180000,0x00000000e5180000,0x00000000e7600000)
 ParOldGen       total 87552K, used 49750K [0x0000000080c00000, 0x0000000086180000, 0x00000000d5980000)
  object space 87552K, 56% used [0x0000000080c00000,0x0000000083c95a88,0x0000000086180000)
 Metaspace       used 6831K, capacity 7384K, committed 7680K, reserved 1056768K
  class space    used 648K, capacity 656K, committed 768K, reserved 1048576K
Event: 5.180 GC heap after
Heap after GC invocations=9 (full 0):
 PSYoungGen      total 291328K, used 37354K [0x00000000d5980000, 0x00000000f4f80000, 0x0000000100000000)
  eden space 253952K, 0% used [0x00000000d5980000,0x00000000d5980000,0x00000000e5180000)
  from space 37376K, 99% used [0x00000000e5180000,0x00000000e75fa9e0,0x00000000e7600000)
  to   space 53760K, 0% used [0x00000000f1b00000,0x00000000f1b00000,0x00000000f4f80000)
 ParOldGen       total 87552K, used 75835K [0x0000000080c00000, 0x0000000086180000, 0x00000000d5980000)
  object space 87552K, 86% used [0x0000000080c00000,0x000000008560ed40,0x0000000086180000)
 Metaspace       used 6831K, capacity 7384K, committed 7680K, reserved 1056768K
  class space    used 648K, capacity 656K, committed 768K, reserved 1048576K
}
Event: 5.180 GC heap before
{Heap before GC invocations=10 (full 1):
 PSYoungGen      total 291328K, used 37354K [0x00000000d5980000, 0x00000000f4f80000, 0x0000000100000000)
  eden space 253952K, 0% used [0x00000000d5980000,0x00000000d5980000,0x00000000e5180000)
  from space 37376K, 99% used [0x00000000e5180000,0x00000000e75fa9e0,0x00000000e7600000)
  to   space 53760K, 0% used [0x00000000f1b00000,0x00000000f1b00000,0x00000000f4f80000)
 ParOldGen       total 87552K, used 75835K [0x0000000080c00000, 0x0000000086180000, 0x00000000d5980000)
  object space 87552K, 86% used [0x0000000080c00000,0x000000008560ed40,0x0000000086180000)
 Metaspace       used 6831K, capacity 7384K, committed 7680K, reserved 1056768K
  class space    used 648K, capacity 656K, committed 768K, reserved 1048576K
Event: 5.868 GC heap after
Heap after GC invocations=10 (full 1):
 PSYoungGen      total 291328K, used 21325K [0x00000000d5980000, 0x00000000f4f80000, 0x0000000100000000)
  eden space 253952K, 0% used [0x00000000d5980000,0x00000000d5980000,0x00000000e5180000)
  from space 37376K, 57% used [0x00000000e5180000,0x00000000e6653788,0x00000000e7600000)
  to   space 53760K, 0% used [0x00000000f1b00000,0x00000000f1b00000,0x00000000f4f80000)
 ParOldGen       total 165376K, used 87139K [0x0000000080c00000, 0x000000008ad80000, 0x00000000d5980000)
  object space 165376K, 52% used [0x0000000080c00000,0x0000000086118fc0,0x000000008ad80000)
 Metaspace       used 6831K, capacity 7384K, committed 7680K, reserved 1056768K
  class space    used 648K, capacity 656K, committed 768K, reserved 1048576K
}

Deoptimization events (10 events):
Event: 4.714 Thread 0x0000000004b83000 Uncommon trap: reason=bimorphic action=maybe_recompile pc=0x000000000569dea4 method=com.android.dx.ssa.back.FirstFitLocalCombiningAllocator.findNextUnreservedRopReg(IILcom/android/dx/ssa/back/FirstFitLocalCombiningAllocator$Alignment;)I @ 60
Event: 4.715 Thread 0x0000000004b83000 Uncommon trap: reason=unstable_if action=reinterpret pc=0x000000000541d4f4 method=com.android.dx.ssa.SsaBasicBlock.scheduleMovesFromPhis()V @ 63
Event: 4.801 Thread 0x0000000004b83000 Uncommon trap: reason=class_check action=maybe_recompile pc=0x000000000549d824 method=com.android.dx.cf.code.RopperMachine.run(Lcom/android/dx/cf/code/Frame;II)V @ 1051
Event: 5.042 Thread 0x000000001b582800 Uncommon trap: reason=unstable_if action=reinterpret pc=0x00000000054c607c method=com.android.dx.ssa.SCCP.simulateBranch(Lcom/android/dx/ssa/SsaInsn;)V @ 548
Event: 5.044 Thread 0x000000001b582800 Uncommon trap: reason=unstable_if action=reinterpret pc=0x00000000056adba0 method=com.android.dx.ssa.SCCP.run()V @ 179
Event: 5.081 Thread 0x0000000004b83000 Uncommon trap: reason=class_check action=maybe_recompile pc=0x00000000054d5d30 method=com.android.dx.cf.code.Ropper.processBlock(Lcom/android/dx/cf/code/ByteBlock;Lcom/android/dx/cf/code/Frame;[I)V @ 711
Event: 5.081 Thread 0x0000000004b83000 Uncommon trap: reason=unstable_if action=reinterpret pc=0x0000000005230d80 method=com.android.dx.ssa.MoveParamCombiner$1.visitNonMoveInsn(Lcom/android/dx/ssa/NormalSsaInsn;)V @ 27
Event: 5.082 Thread 0x0000000004b83000 Uncommon trap: reason=class_check action=maybe_recompile pc=0x00000000054d5d30 method=com.android.dx.cf.code.Ropper.processBlock(Lcom/android/dx/cf/code/ByteBlock;Lcom/android/dx/cf/code/Frame;[I)V @ 711
Event: 5.902 Thread 0x0000000004b83000 Uncommon trap: reason=class_check action=maybe_recompile pc=0x00000000054d5d30 method=com.android.dx.cf.code.Ropper.processBlock(Lcom/android/dx/cf/code/ByteBlock;Lcom/android/dx/cf/code/Frame;[I)V @ 711
Event: 5.902 Thread 0x0000000004b83000 Uncommon trap: reason=class_check action=maybe_recompile pc=0x00000000054d5d30 method=com.android.dx.cf.code.Ropper.processBlock(Lcom/android/dx/cf/code/ByteBlock;Lcom/android/dx/cf/code/Frame;[I)V @ 711

Classes redefined (0 events):
No events

Internal exceptions (9 events):
Event: 0.030 Thread 0x0000000004b83000 Exception <a 'java/lang/NoSuchMethodError': Method sun.misc.Unsafe.defineClass(Ljava/lang/String;[BII)Ljava/lang/Class; name or signature does not match> (0x00000000d5987ca8) thrown at [C:\re\workspace\8-2-build-windows-amd64-cygwin\jdk8u152\9742\hotspot\
Event: 0.030 Thread 0x0000000004b83000 Exception <a 'java/lang/NoSuchMethodError': Method sun.misc.Unsafe.prefetchRead(Ljava/lang/Object;J)V name or signature does not match> (0x00000000d5987f90) thrown at [C:\re\workspace\8-2-build-windows-amd64-cygwin\jdk8u152\9742\hotspot\src\share\vm\prims
Event: 0.627 Thread 0x0000000004b83000 Implicit null exception at 0x0000000005009622 to 0x0000000005009712
Event: 2.176 Thread 0x000000001b582800 Exception <a 'java/lang/ArrayIndexOutOfBoundsException': 18> (0x00000000d93e2478) thrown at [C:\re\workspace\8-2-build-windows-amd64-cygwin\jdk8u152\9742\hotspot\src\share\vm\interpreter\interpreterRuntime.cpp, line 366]
Event: 2.177 Thread 0x000000001b582800 Exception <a 'java/lang/ArrayIndexOutOfBoundsException'> (0x00000000d93e3ff8) thrown at [C:\re\workspace\8-2-build-windows-amd64-cygwin\jdk8u152\9742\hotspot\src\share\vm\runtime\sharedRuntime.cpp, line 605]
Event: 2.178 Thread 0x000000001b582800 Exception <a 'java/lang/ArrayIndexOutOfBoundsException'> (0x00000000d93e52e0) thrown at [C:\re\workspace\8-2-build-windows-amd64-cygwin\jdk8u152\9742\hotspot\src\share\vm\runtime\sharedRuntime.cpp, line 605]
Event: 3.249 Thread 0x0000000004b83000 Implicit null exception at 0x0000000005560098 to 0x0000000005560385
Event: 3.249 Thread 0x0000000004b83000 Implicit null exception at 0x000000000526d492 to 0x000000000526e935
Event: 3.249 Thread 0x0000000004b83000 Implicit null exception at 0x00000000053f79d6 to 0x00000000053f9255

Events (10 events):
Event: 6.169 Thread 0x000000001b582800 DEOPT PACKING pc=0x00000000057763ed sp=0x000000001b97e810
Event: 6.169 Thread 0x000000001b582800 DEOPT UNPACKING pc=0x0000000004cc787f sp=0x000000001b97e5a0 mode 0
Event: 6.324 Thread 0x0000000004b83000 DEOPT PACKING pc=0x000000000535b281 sp=0x0000000004abe0e0
Event: 6.324 Thread 0x0000000004b83000 DEOPT UNPACKING pc=0x0000000004cc787f sp=0x0000000004abdde8 mode 0
Event: 6.413 Thread 0x0000000004b83000 DEOPT PACKING pc=0x000000000548adaf sp=0x0000000004abe2c0
Event: 6.413 Thread 0x0000000004b83000 DEOPT UNPACKING pc=0x0000000004cc787f sp=0x0000000004abdff8 mode 0
Event: 6.420 Thread 0x0000000004b83000 DEOPT PACKING pc=0x00000000057763ed sp=0x0000000004abe110
Event: 6.420 Thread 0x0000000004b83000 DEOPT UNPACKING pc=0x0000000004cc787f sp=0x0000000004abdea0 mode 0
Event: 6.447 Thread 0x0000000004b83000 DEOPT PACKING pc=0x0000000005488ff7 sp=0x0000000004abe4a0
Event: 6.447 Thread 0x0000000004b83000 DEOPT UNPACKING pc=0x0000000004cc787f sp=0x0000000004abe220 mode 0


Dynamic libraries:
0x00007ff76bf50000 - 0x00007ff76bf87000 	C:\Program Files\Java\jdk1.8.0_152\bin\java.exe
0x00007ffaabec0000 - 0x00007ffaac0a0000 	C:\WINDOWS\SYSTEM32\ntdll.dll
0x00007ffaa98f0000 - 0x00007ffaa999e000 	C:\WINDOWS\System32\KERNEL32.DLL
0x00007ffaa9080000 - 0x00007ffaa92e6000 	C:\WINDOWS\System32\KERNELBASE.dll
0x00007ffaa9c80000 - 0x00007ffaa9d21000 	C:\WINDOWS\System32\ADVAPI32.dll
0x00007ffaa9e80000 - 0x00007ffaa9f1d000 	C:\WINDOWS\System32\msvcrt.dll
0x00007ffaa9c20000 - 0x00007ffaa9c7b000 	C:\WINDOWS\System32\sechost.dll
0x00007ffaaa010000 - 0x00007ffaaa12f000 	C:\WINDOWS\System32\RPCRT4.dll
0x00007ffaabc70000 - 0x00007ffaabdff000 	C:\WINDOWS\System32\USER32.dll
0x00007ffaa82c0000 - 0x00007ffaa82e0000 	C:\WINDOWS\System32\win32u.dll
0x00007ffaa9bf0000 - 0x00007ffaa9c18000 	C:\WINDOWS\System32\GDI32.dll
0x00007ffaa82e0000 - 0x00007ffaa8473000 	C:\WINDOWS\System32\gdi32full.dll
0x00007ffaa92f0000 - 0x00007ffaa938b000 	C:\WINDOWS\System32\msvcp_win.dll
0x00007ffaa8480000 - 0x00007ffaa8576000 	C:\WINDOWS\System32\ucrtbase.dll
0x00007ffa96920000 - 0x00007ffa96b89000 	C:\WINDOWS\WinSxS\amd64_microsoft.windows.common-controls_6595b64144ccf1df_6.0.16299.192_none_15c8cdae9364c23b\COMCTL32.dll
0x00007ffaaa140000 - 0x00007ffaaa448000 	C:\WINDOWS\System32\combase.dll
0x00007ffaa8630000 - 0x00007ffaa86a2000 	C:\WINDOWS\System32\bcryptPrimitives.dll
0x00007ffaabe00000 - 0x00007ffaabe2d000 	C:\WINDOWS\System32\IMM32.DLL
0x000000005bb40000 - 0x000000005bc12000 	C:\Program Files\Java\jdk1.8.0_152\jre\bin\msvcr100.dll
0x000000005b2a0000 - 0x000000005bb40000 	C:\Program Files\Java\jdk1.8.0_152\jre\bin\server\jvm.dll
0x00007ffaabbe0000 - 0x00007ffaabbe8000 	C:\WINDOWS\System32\PSAPI.DLL
0x00007ffa9d7a0000 - 0x00007ffa9d7a9000 	C:\WINDOWS\SYSTEM32\WSOCK32.dll
0x00007ffaa1e80000 - 0x00007ffaa1ea3000 	C:\WINDOWS\SYSTEM32\WINMM.dll
0x00007ffaa1070000 - 0x00007ffaa107a000 	C:\WINDOWS\SYSTEM32\VERSION.dll
0x00007ffaaa560000 - 0x00007ffaaa5cc000 	C:\WINDOWS\System32\WS2_32.dll
0x00007ffaa1e20000 - 0x00007ffaa1e4a000 	C:\WINDOWS\SYSTEM32\WINMMBASE.dll
0x00007ffaa86b0000 - 0x00007ffaa86fa000 	C:\WINDOWS\System32\cfgmgr32.dll
0x000000005b290000 - 0x000000005b29f000 	C:\Program Files\Java\jdk1.8.0_152\jre\bin\verify.dll
0x000000005b260000 - 0x000000005b289000 	C:\Program Files\Java\jdk1.8.0_152\jre\bin\java.dll
0x000000005b240000 - 0x000000005b256000 	C:\Program Files\Java\jdk1.8.0_152\jre\bin\zip.dll
0x00007ffaaa7a0000 - 0x00007ffaabbd6000 	C:\WINDOWS\System32\SHELL32.dll
0x00007ffaa99a0000 - 0x00007ffaa9a46000 	C:\WINDOWS\System32\shcore.dll
0x00007ffaa8930000 - 0x00007ffaa9077000 	C:\WINDOWS\System32\windows.storage.dll
0x00007ffaaa740000 - 0x00007ffaaa791000 	C:\WINDOWS\System32\shlwapi.dll
0x00007ffaa82a0000 - 0x00007ffaa82b1000 	C:\WINDOWS\System32\kernel.appcore.dll
0x00007ffaa8210000 - 0x00007ffaa825c000 	C:\WINDOWS\System32\powrprof.dll
0x00007ffaa8260000 - 0x00007ffaa827b000 	C:\WINDOWS\System32\profapi.dll
0x00007ffaa7d90000 - 0x00007ffaa7f58000 	C:\WINDOWS\SYSTEM32\dbghelp.dll

VM Arguments:
java_command: C:\Program Files (x86)\Android\android-sdk\build-tools\27.0.2\\lib\dx.jar --dex --no-strict --multi-dex --main-dex-list=obj\Debug\multidex.keep --output obj\Debug\android\bin E:\ProjetosSSAT\Tracking\Droid\obj\Debug\android\bin\classes\classes.zip C:\Program Files (x86)\Microsoft Visual Studio\2017\Enterprise\Common7\IDE\ReferenceAssemblies\Microsoft\Framework\MonoAndroid\v8.0\mono.android.jar C:\Program Files (x86)\Microsoft Visual Studio\2017\Enterprise\MSBuild\Xamarin\Android\android-support-multidex.jar obj\Debug\lp\11\jl\bin\classes.jar obj\Debug\lp\20\jl\arch-core-common.jar obj\Debug\lp\21\jl\arch-lifecycle-common.jar obj\Debug\lp\22\jl\bin\classes.jar obj\Debug\lp\23\jl\bin\classes.jar obj\Debug\lp\25\jl\bin\classes.jar obj\Debug\lp\26\jl\bin\classes.jar obj\Debug\lp\27\jl\bin\classes.jar obj\Debug\lp\28\jl\bin\classes.jar obj\Debug\lp\29\jl\bin\classes.jar obj\Debug\lp\3\jl\formsviewgroup.jar obj\Debug\lp\30\jl\bin\classes.jar obj\Debug\lp\31\jl\bin\classes.jar obj\Debug\lp\32\jl\bin\classes.jar obj\Debug\lp\33\jl\bin\classes.jar obj\Debug\lp\34\jl\bin\classes.jar obj\Debug\lp\35\jl\bin\classes.jar obj\Debug\lp\36\jl\bin\classes.jar obj\Debug\lp\37\jl\bin\classes.jar obj\Debug\lp\38\jl\bin\classes.jar obj\Debug\lp\4\jl\bin\classes.jar obj\Debug\lp\45\jl\classes.jar obj\Debug\lp\46\jl\classes.jar obj\Debug\lp\47\jl\classes.jar obj\Debug\lp\48\jl\classes.jar obj\Debug\lp\49\jl\classes.jar obj\Debug\lp\50\jl\classes.jar obj\Debug\lp\6\jl\bin\classes.jar obj\Debug\lp\7\jl\bin\classes.jar
java_class_path (initial): C:\Program Files (x86)\Android\android-sdk\build-tools\27.0.2\\lib\dx.jar
Launcher Type: SUN_STANDARD

Environment Variables:
PATH=C:\Program Files\Java\jdk1.8.0_152\bin;C:\WINDOWS\system32;C:\WINDOWS;C:\WINDOWS\System32\Wbem;C:\WINDOWS\System32\WindowsPowerShell\v1.0\;C:\Program Files (x86)\ATI Technologies\ATI.ACE\Core-Static;C:\Program Files\Microsoft SQL Server\120\Tools\Binn\;C:\Program Files\Microsoft SQL Server\130\Tools\Binn\;C:\Program Files (x86)\nodejs\;C:\Program Files\Git\cmd;C:\Program Files (x86)\Skype\Phone\;C:\Program Files (x86)\dotnet\;C:\Program Files\Microsoft DNX\Dnvm\;C:\Program Files\dotnet\;C:\Program Files (x86)\Calibre2\;C:\Program Files (x86)\Microsoft SQL Server\Client SDK\ODBC\130\Tools\Binn\;C:\Program Files (x86)\Microsoft SQL Server\140\Tools\Binn\;C:\Program Files (x86)\Microsoft SQL Server\140\DTS\Binn\;C:\Program Files (x86)\Microsoft SQL Server\140\Tools\Binn\ManagementStudio\;C:\Users\Alexandre.Gois\AppData\Local\Microsoft\WindowsApps
USERNAME=Alexandre.Gois
OS=Windows_NT
PROCESSOR_IDENTIFIER=Intel64 Family 6 Model 58 Stepping 9, GenuineIntel



---------------  S Y S T E M  ---------------

OS: Windows 10.0 , 64 bit Build 16299 (10.0.16299.15)

CPU:total 4 (initial active 4) (4 cores per cpu, 1 threads per core) family 6 model 58 stepping 9, cmov, cx8, fxsr, mmx, sse, sse2, sse3, ssse3, sse4.1, sse4.2, popcnt, avx, aes, clmul, erms, tsc, tscinvbit, tscinv

Memory: 4k page, physical 8333444k(1228832k free), swap 17246340k(5580920k free)

vm_info: Java HotSpot(TM) 64-Bit Server VM (25.152-b16) for windows-amd64 JRE (1.8.0_152-b16), built on Sep 14 2017 02:29:36 by "java_re" with MS VC++ 10.0 (VS2010)

time: Sat Feb 17 16:07:41 2018
elapsed time: 6 seconds (0d 0h 0m 6s)

