#
# There is insufficient memory for the Java Runtime Environment to continue.
# Native memory allocation (malloc) failed to allocate 32744 bytes for ChunkPool::allocate
# Possible reasons:
#   The system is out of physical RAM or swap space
#   In 32 bit mode, the process size limit was hit
# Possible solutions:
#   Reduce memory load on the system
#   Increase physical memory or swap space
#   Check if swap backing store is full
#   Use 64 bit Java on a 64 bit OS
#   Decrease Java heap size (-Xmx/-Xms)
#   Decrease number of Java threads
#   Decrease Java thread stack sizes (-Xss)
#   Set larger code cache with -XX:ReservedCodeCacheSize=
# This output file may be truncated or incomplete.
#
#  Out of Memory Error (allocation.cpp:273), pid=5224, tid=0x0000000000003fd0
#
# JRE version: Java(TM) SE Runtime Environment (8.0_131-b11) (build 1.8.0_131-b11)
# Java VM: Java HotSpot(TM) 64-Bit Server VM (25.131-b11 mixed mode windows-amd64 compressed oops)
# Failed to write core dump. Minidumps are not enabled by default on client versions of Windows
#

---------------  T H R E A D  ---------------

Current thread (0x0000000014d65000):  JavaThread "C2 CompilerThread1" daemon [_thread_in_native, id=16336, stack(0x00000000164d0000,0x00000000165d0000)]

Stack: [0x00000000164d0000,0x00000000165d0000]
[error occurred during error reporting (printing stack bounds), id 0xc0000005]

Native frames: (J=compiled Java code, j=interpreted, Vv=VM code, C=native code)


Current CompileTask:
C2:   6765 2106       4       com.android.dx.cf.code.ValueAwareMachine::run (1142 bytes)


---------------  P R O C E S S  ---------------

Java Threads: ( => current thread )
  0x0000000016944800 JavaThread "pool-2-thread-1" [_thread_blocked, id=12832, stack(0x0000000016f20000,0x0000000017020000)]
  0x0000000016943800 JavaThread "pool-1-thread-1" [_thread_in_vm, id=16220, stack(0x0000000016e20000,0x0000000016f20000)]
  0x00000000166f8800 JavaThread "Service Thread" daemon [_thread_blocked, id=7876, stack(0x0000000016ad0000,0x0000000016bd0000)]
  0x0000000014d6b000 JavaThread "C1 CompilerThread2" daemon [_thread_blocked, id=14652, stack(0x00000000165d0000,0x00000000166d0000)]
=>0x0000000014d65000 JavaThread "C2 CompilerThread1" daemon [_thread_in_native, id=16336, stack(0x00000000164d0000,0x00000000165d0000)]
  0x0000000014d61800 JavaThread "C2 CompilerThread0" daemon [_thread_in_native, id=12220, stack(0x00000000163d0000,0x00000000164d0000)]
  0x0000000014d60800 JavaThread "Attach Listener" daemon [_thread_blocked, id=7700, stack(0x00000000162d0000,0x00000000163d0000)]
  0x0000000014d5f000 JavaThread "Signal Dispatcher" daemon [_thread_blocked, id=12144, stack(0x00000000161d0000,0x00000000162d0000)]
  0x0000000014d49000 JavaThread "Finalizer" daemon [_thread_blocked, id=4616, stack(0x0000000015fd0000,0x00000000160d0000)]
  0x0000000002684000 JavaThread "Reference Handler" daemon [_thread_blocked, id=5180, stack(0x0000000015ed0000,0x0000000015fd0000)]
  0x000000000258e800 JavaThread "main" [_thread_in_Java, id=16264, stack(0x0000000002460000,0x0000000002560000)]

Other Threads:
  0x0000000014d27800 VMThread [stack: 0x0000000015dd0000,0x0000000015ed0000] [id=15956]
  0x00000000166fc000 WatcherThread [stack: 0x0000000016d20000,0x0000000016e20000] [id=13620]

VM state:not at safepoint (normal execution)

VM Mutex/Monitor currently owned by a thread: None

Heap:
 PSYoungGen      total 140800K, used 105229K [0x00000000eab00000, 0x00000000f3f00000, 0x0000000100000000)
  eden space 130048K, 72% used [0x00000000eab00000,0x00000000f0745320,0x00000000f2a00000)
  from space 10752K, 99% used [0x00000000f3480000,0x00000000f3efe198,0x00000000f3f00000)
  to   space 10752K, 0% used [0x00000000f2a00000,0x00000000f2a00000,0x00000000f3480000)
 ParOldGen       total 173568K, used 8624K [0x00000000c0000000, 0x00000000ca980000, 0x00000000eab00000)
  object space 173568K, 4% used [0x00000000c0000000,0x00000000c086c0b0,0x00000000ca980000)
 Metaspace       used 6496K, capacity 7192K, committed 7424K, reserved 1056768K
  class space    used 624K, capacity 656K, committed 768K, reserved 1048576K

Card table byte_map: [0x0000000011a50000,0x0000000011c60000] byte_map_base: 0x0000000011450000

Marking Bits: (ParMarkBitMap*) 0x0000000054f6c720
 Begin Bits: [0x00000000121c0000, 0x00000000131c0000)
 End Bits:   [0x00000000131c0000, 0x00000000141c0000)

Polling page: 0x0000000000650000

CodeCache: size=245760Kb used=9289Kb max_used=9302Kb free=236470Kb
 bounds [0x0000000002690000, 0x0000000002fb0000, 0x0000000011690000]
 total_blobs=2301 nmethods=2030 adapters=183
 compilation: enabled

Compilation events (10 events):
Event: 6.635 Thread 0x0000000014d65000 nmethod 2098 0x0000000002f763d0 code [0x0000000002f76560, 0x0000000002f769a8]
Event: 6.635 Thread 0x0000000014d65000 2102       4       com.android.dx.rop.code.LocalVariableInfo::mergeStarts (75 bytes)
Event: 6.688 Thread 0x0000000014d65000 nmethod 2102 0x0000000002faa0d0 code [0x0000000002faa2c0, 0x0000000002fab548]
Event: 6.688 Thread 0x0000000014d65000 2086       4       com.android.dx.cf.code.ByteBlockList::labelToBlock (46 bytes)
Event: 6.691 Thread 0x0000000014d65000 nmethod 2086 0x0000000002f68650 code [0x0000000002f687a0, 0x0000000002f688f8]
Event: 6.693 Thread 0x0000000014d65000 2105       4       com.android.dx.ssa.SsaMethod::forEachBlockDepthFirstDom (128 bytes)
Event: 6.744 Thread 0x0000000014d6b000 2110       3       com.android.dx.rop.annotation.Annotations::<init> (16 bytes)
Event: 6.747 Thread 0x0000000014d6b000 nmethod 2110 0x0000000002f69a10 code [0x0000000002f69ba0, 0x0000000002f69f50]
Event: 6.752 Thread 0x0000000014d65000 nmethod 2105 0x0000000002fac710 code [0x0000000002fac920, 0x0000000002fad878]
Event: 6.752 Thread 0x0000000014d65000 2106       4       com.android.dx.cf.code.ValueAwareMachine::run (1142 bytes)

GC Heap History (4 events):
Event: 2.371 GC heap before
{Heap before GC invocations=1 (full 0):
 PSYoungGen      total 75776K, used 65024K [0x00000000eab00000, 0x00000000eff80000, 0x0000000100000000)
  eden space 65024K, 100% used [0x00000000eab00000,0x00000000eea80000,0x00000000eea80000)
  from space 10752K, 0% used [0x00000000ef500000,0x00000000ef500000,0x00000000eff80000)
  to   space 10752K, 0% used [0x00000000eea80000,0x00000000eea80000,0x00000000ef500000)
 ParOldGen       total 173568K, used 0K [0x00000000c0000000, 0x00000000ca980000, 0x00000000eab00000)
  object space 173568K, 0% used [0x00000000c0000000,0x00000000c0000000,0x00000000ca980000)
 Metaspace       used 6128K, capacity 6968K, committed 7040K, reserved 1056768K
  class space    used 595K, capacity 624K, committed 640K, reserved 1048576K
Event: 2.436 GC heap after
Heap after GC invocations=1 (full 0):
 PSYoungGen      total 75776K, used 10750K [0x00000000eab00000, 0x00000000f3f00000, 0x0000000100000000)
  eden space 65024K, 0% used [0x00000000eab00000,0x00000000eab00000,0x00000000eea80000)
  from space 10752K, 99% used [0x00000000eea80000,0x00000000ef4ffa98,0x00000000ef500000)
  to   space 10752K, 0% used [0x00000000f3480000,0x00000000f3480000,0x00000000f3f00000)
 ParOldGen       total 173568K, used 806K [0x00000000c0000000, 0x00000000ca980000, 0x00000000eab00000)
  object space 173568K, 0% used [0x00000000c0000000,0x00000000c00c98b0,0x00000000ca980000)
 Metaspace       used 6128K, capacity 6968K, committed 7040K, reserved 1056768K
  class space    used 595K, capacity 624K, committed 640K, reserved 1048576K
}
Event: 4.128 GC heap before
{Heap before GC invocations=2 (full 0):
 PSYoungGen      total 75776K, used 75774K [0x00000000eab00000, 0x00000000f3f00000, 0x0000000100000000)
  eden space 65024K, 100% used [0x00000000eab00000,0x00000000eea80000,0x00000000eea80000)
  from space 10752K, 99% used [0x00000000eea80000,0x00000000ef4ffa98,0x00000000ef500000)
  to   space 10752K, 0% used [0x00000000f3480000,0x00000000f3480000,0x00000000f3f00000)
 ParOldGen       total 173568K, used 806K [0x00000000c0000000, 0x00000000ca980000, 0x00000000eab00000)
  object space 173568K, 0% used [0x00000000c0000000,0x00000000c00c98b0,0x00000000ca980000)
 Metaspace       used 6413K, capacity 7128K, committed 7424K, reserved 1056768K
  class space    used 622K, capacity 656K, committed 768K, reserved 1048576K
Event: 4.179 GC heap after
Heap after GC invocations=2 (full 0):
 PSYoungGen      total 140800K, used 10744K [0x00000000eab00000, 0x00000000f3f00000, 0x0000000100000000)
  eden space 130048K, 0% used [0x00000000eab00000,0x00000000eab00000,0x00000000f2a00000)
  from space 10752K, 99% used [0x00000000f3480000,0x00000000f3efe198,0x00000000f3f00000)
  to   space 10752K, 0% used [0x00000000f2a00000,0x00000000f2a00000,0x00000000f3480000)
 ParOldGen       total 173568K, used 8624K [0x00000000c0000000, 0x00000000ca980000, 0x00000000eab00000)
  object space 173568K, 4% used [0x00000000c0000000,0x00000000c086c0b0,0x00000000ca980000)
 Metaspace       used 6413K, capacity 7128K, committed 7424K, reserved 1056768K
  class space    used 622K, capacity 656K, committed 768K, reserved 1048576K
}

Deoptimization events (10 events):
Event: 4.266 Thread 0x000000000258e800 Uncommon trap: reason=unstable_if action=reinterpret pc=0x0000000002e47e28 method=com.android.dx.ssa.SsaRenamer$BlockRenamer.addMapping(ILcom/android/dx/rop/code/RegisterSpec;)V @ 120
Event: 4.507 Thread 0x0000000016943800 Uncommon trap: reason=unstable_if action=reinterpret pc=0x0000000002d9dd34 method=java.util.ArrayList.<init>(I)V @ 5
Event: 5.617 Thread 0x0000000016943800 Uncommon trap: reason=unstable_if action=reinterpret pc=0x0000000002cf78b4 method=com.android.dx.rop.code.BasicBlockList.preferredSuccessorOf(Lcom/android/dx/rop/code/BasicBlock;)Lcom/android/dx/rop/code/BasicBlock; @ 58
Event: 5.709 Thread 0x000000000258e800 Uncommon trap: reason=unstable_if action=reinterpret pc=0x0000000002e94c10 method=com.android.dx.cf.code.RopperMachine.updateReturnOp(Lcom/android/dx/rop/code/Rop;Lcom/android/dx/rop/code/SourcePosition;)V @ 106
Event: 5.740 Thread 0x000000000258e800 Uncommon trap: reason=unloaded action=reinterpret pc=0x0000000002eb10f4 method=com.android.dx.cf.cst.ConstantPoolParser.parse0(ILjava/util/BitSet;)Lcom/android/dx/rop/cst/Constant; @ 176
Event: 5.756 Thread 0x000000000258e800 Uncommon trap: reason=uninitialized action=reinterpret pc=0x0000000002f1459c method=com.android.dx.cf.code.BytecodeArray.parseInstruction(ILcom/android/dx/cf/code/BytecodeArray$Visitor;)I @ 1047
Event: 5.908 Thread 0x000000000258e800 Uncommon trap: reason=bimorphic action=maybe_recompile pc=0x0000000002d6bc9c method=java.util.HashMap.getNode(ILjava/lang/Object;)Ljava/util/HashMap$Node; @ 126
Event: 5.908 Thread 0x000000000258e800 Uncommon trap: reason=class_check action=maybe_recompile pc=0x0000000002bd012c method=java.util.HashMap.putVal(ILjava/lang/Object;Ljava/lang/Object;ZZ)Ljava/lang/Object; @ 203
Event: 5.959 Thread 0x0000000016943800 Uncommon trap: reason=unstable_if action=reinterpret pc=0x0000000002f5baec method=com.android.dx.ssa.InterferenceRegisterMapper.interferes(III)Z @ 69
Event: 6.274 Thread 0x000000000258e800 Uncommon trap: reason=unstable_if action=reinterpret pc=0x00000000027e7974 method=java.util.regex.Pattern$BnM.match(Ljava/util/regex/Matcher;ILjava/lang/CharSequence;)Z @ 34

Internal exceptions (4 events):
Event: 0.041 Thread 0x000000000258e800 Exception <a 'java/lang/NoSuchMethodError': Method sun.misc.Unsafe.defineClass(Ljava/lang/String;[BII)Ljava/lang/Class; name or signature does not match> (0x00000000eab07ca8) thrown at [C:\re\workspace\8-2-build-windows-amd64-cygwin\jdk8u131\8869\hotspot\
Event: 0.041 Thread 0x000000000258e800 Exception <a 'java/lang/NoSuchMethodError': Method sun.misc.Unsafe.prefetchRead(Ljava/lang/Object;J)V name or signature does not match> (0x00000000eab07f90) thrown at [C:\re\workspace\8-2-build-windows-amd64-cygwin\jdk8u131\8869\hotspot\src\share\vm\prims
Event: 0.109 Thread 0x000000000258e800 Exception <a 'java/io/FileNotFoundException'> (0x00000000eab5fc80) thrown at [C:\re\workspace\8-2-build-windows-amd64-cygwin\jdk8u131\8869\hotspot\src\share\vm\prims\jni.cpp, line 709]
Event: 3.334 Thread 0x0000000016943800 Implicit null exception at 0x0000000002983422 to 0x0000000002983512

Events (10 events):
Event: 5.959 Thread 0x0000000016943800 Uncommon trap: trap_request=0xffffff65 fr.pc=0x0000000002f5baec
Event: 5.959 Thread 0x0000000016943800 DEOPT PACKING pc=0x0000000002f5baec sp=0x0000000016f1eac0
Event: 5.959 Thread 0x0000000016943800 DEOPT UNPACKING pc=0x00000000026d582a sp=0x0000000016f1ea50 mode 2
Event: 6.274 Thread 0x000000000258e800 Uncommon trap: trap_request=0xffffff65 fr.pc=0x00000000027e7974
Event: 6.274 Thread 0x000000000258e800 DEOPT PACKING pc=0x00000000027e7974 sp=0x000000000255ec70
Event: 6.275 Thread 0x000000000258e800 DEOPT UNPACKING pc=0x00000000026d582a sp=0x000000000255ebb8 mode 2
Event: 6.279 Thread 0x000000000258e800 DEOPT PACKING pc=0x0000000002f62e6f sp=0x000000000255eae0
Event: 6.280 Thread 0x000000000258e800 DEOPT UNPACKING pc=0x00000000026d787f sp=0x000000000255e808 mode 0
Event: 6.574 loading class com/android/dx/rop/code/RegisterSpec$1
Event: 6.574 loading class com/android/dx/rop/code/RegisterSpec$1 done


Dynamic libraries:
0x00007ff690a20000 - 0x00007ff690a57000 	C:\Program Files\Java\jdk1.8.0_131\bin\java.exe
0x00007ffb53db0000 - 0x00007ffb53f8b000 	C:\WINDOWS\SYSTEM32\ntdll.dll
0x00007ffb52ac0000 - 0x00007ffb52b6e000 	C:\WINDOWS\System32\KERNEL32.DLL
0x00007ffb507f0000 - 0x00007ffb50a39000 	C:\WINDOWS\System32\KERNELBASE.dll
0x00007ffb52bd0000 - 0x00007ffb52c71000 	C:\WINDOWS\System32\ADVAPI32.dll
0x00007ffb539d0000 - 0x00007ffb53a6d000 	C:\WINDOWS\System32\msvcrt.dll
0x00007ffb53970000 - 0x00007ffb539c9000 	C:\WINDOWS\System32\sechost.dll
0x00007ffb53560000 - 0x00007ffb53685000 	C:\WINDOWS\System32\RPCRT4.dll
0x00007ffb53690000 - 0x00007ffb537da000 	C:\WINDOWS\System32\USER32.dll
0x00007ffb506d0000 - 0x00007ffb506ee000 	C:\WINDOWS\System32\win32u.dll
0x00007ffb529e0000 - 0x00007ffb52a07000 	C:\WINDOWS\System32\GDI32.dll
0x00007ffb502d0000 - 0x00007ffb50457000 	C:\WINDOWS\System32\gdi32full.dll
0x00007ffb50460000 - 0x00007ffb504fa000 	C:\WINDOWS\System32\msvcp_win.dll
0x00007ffb506f0000 - 0x00007ffb507e6000 	C:\WINDOWS\System32\ucrtbase.dll
0x00007ffb41580000 - 0x00007ffb417e7000 	C:\WINDOWS\WinSxS\amd64_microsoft.windows.common-controls_6595b64144ccf1df_6.0.15063.483_none_26002d27e7c744a2\COMCTL32.dll
0x00007ffb53ab0000 - 0x00007ffb53da9000 	C:\WINDOWS\System32\combase.dll
0x00007ffb50a90000 - 0x00007ffb50afa000 	C:\WINDOWS\System32\bcryptPrimitives.dll
0x00007ffb53a70000 - 0x00007ffb53a9d000 	C:\WINDOWS\System32\IMM32.DLL
0x0000000055790000 - 0x0000000055862000 	C:\Program Files\Java\jdk1.8.0_131\jre\bin\msvcr100.dll
0x0000000054750000 - 0x0000000054fec000 	C:\Program Files\Java\jdk1.8.0_131\jre\bin\server\jvm.dll
0x00007ffb53aa0000 - 0x00007ffb53aa8000 	C:\WINDOWS\System32\PSAPI.DLL
0x00007ffb45160000 - 0x00007ffb4516a000 	C:\WINDOWS\SYSTEM32\VERSION.dll
0x00007ffb4d460000 - 0x00007ffb4d483000 	C:\WINDOWS\SYSTEM32\WINMM.dll
0x00007ffb4d2c0000 - 0x00007ffb4d2eb000 	C:\WINDOWS\SYSTEM32\WINMMBASE.dll
0x00007ffb50a40000 - 0x00007ffb50a89000 	C:\WINDOWS\System32\cfgmgr32.dll
0x00007ffb44a40000 - 0x00007ffb44a49000 	C:\WINDOWS\SYSTEM32\WSOCK32.dll
0x00007ffb53330000 - 0x00007ffb5339c000 	C:\WINDOWS\System32\WS2_32.dll
0x0000000055bc0000 - 0x0000000055bcf000 	C:\Program Files\Java\jdk1.8.0_131\jre\bin\verify.dll
0x0000000055760000 - 0x0000000055789000 	C:\Program Files\Java\jdk1.8.0_131\jre\bin\java.dll
0x0000000054730000 - 0x0000000054746000 	C:\Program Files\Java\jdk1.8.0_131\jre\bin\zip.dll
0x00007ffb513b0000 - 0x00007ffb527e7000 	C:\WINDOWS\System32\SHELL32.dll
0x00007ffb52a10000 - 0x00007ffb52aba000 	C:\WINDOWS\System32\shcore.dll
0x00007ffb50c10000 - 0x00007ffb51301000 	C:\WINDOWS\System32\windows.storage.dll
0x00007ffb52980000 - 0x00007ffb529d1000 	C:\WINDOWS\System32\shlwapi.dll
0x00007ffb50220000 - 0x00007ffb50231000 	C:\WINDOWS\System32\kernel.appcore.dll
0x00007ffb50280000 - 0x00007ffb502cc000 	C:\WINDOWS\System32\powrprof.dll
0x00007ffb50240000 - 0x00007ffb50255000 	C:\WINDOWS\System32\profapi.dll

VM Arguments:
jvm_args: -Xmx1G 
java_command: C:\Program Files (x86)\Android\android-sdk\build-tools\25.0.3\\lib\dx.jar --no-strict --dex --output=obj\Debug\android\bin obj\Debug\android\bin\classes C:\Program Files (x86)\Microsoft Visual Studio\2017\Enterprise\Common7\IDE\ReferenceAssemblies\Microsoft\Framework\MonoAndroid\v8.0\mono.android.jar obj\Debug\__library_projects__\FormsViewGroup\library_project_imports\formsviewgroup.jar obj\Debug\__library_projects__\OneSignal.Android.Binding\library_project_imports\bin\classes.jar obj\Debug\__library_projects__\Xamarin.Android.Support.Animated.Vector.Drawable\library_project_imports\bin\classes.jar obj\Debug\__library_projects__\Xamarin.Android.Support.Compat\library_project_imports\bin\classes.jar obj\Debug\__library_projects__\Xamarin.Android.Support.Core.UI\library_project_imports\bin\classes.jar obj\Debug\__library_projects__\Xamarin.Android.Support.Core.Utils\library_project_imports\bin\classes.jar obj\Debug\__library_projects__\Xamarin.Android.Support.Design\library_project_imports\bin\classes.jar obj\Debug\__library_projects__\Xamarin.Android.Support.Fragment\library_project_imports\bin\classes.jar obj\Debug\__library_projects__\Xamarin.Android.Support.Media.Compat\library_project_imports\bin\classes.jar obj\Debug\__library_projects__\Xamarin.Android.Support.Transition\library_project_imports\bin\classes.jar obj\Debug\__library_projects__\Xamarin.Android.Support.v4\library_project_imports\bin\classes.jar obj\Debug\__library_projects__\Xamarin.Android.Support.v7.AppCompat\library_project_imports\bin\classes.jar obj\Debug\__library_projects__\Xamarin.Android.Support.v7.CardView\library_project_imports\bin\classes.jar obj\Debug\__library_projects__\Xamarin.Android.Support.v7.MediaRouter\library_project_imports\bin\classes.jar obj\Debug\__library_projects__\Xamarin.Android.Support.v7.Palette\library_project_imports\bin\classes.jar obj\Debug\__library_projects__\Xamarin.Android.Support.v7.RecyclerView\library_project_imports\bin\classes.jar obj\D
java_class_path (initial): C:\Program Files (x86)\Android\android-sdk\build-tools\25.0.3\\lib\dx.jar
Launcher Type: SUN_STANDARD

Environment Variables:
PATH=C:\Program Files\Java\jdk1.8.0_131\bin;C:\Program Files (x86)\Embarcadero\Studio\19.0\bin;C:\Users\Public\Documents\Embarcadero\Studio\19.0\Bpl;C:\Program Files (x86)\Embarcadero\Studio\19.0\bin64;C:\Users\Public\Documents\Embarcadero\Studio\19.0\Bpl\Win64;C:\WINDOWS\system32;C:\WINDOWS;C:\WINDOWS\System32\Wbem;C:\WINDOWS\System32\WindowsPowerShell\v1.0\;C:\Program Files\Microsoft SQL Server\130\Tools\Binn\;C:\Program Files\dotnet\;C:\Program Files (x86)\Skype\Phone\;C:\Program Files\nodejs\;C:\Program Files\Git\cmd;C:\Users\alexa\AppData\Local\Microsoft\WindowsApps;C:\Users\alexa\AppData\Roaming\npm
USERNAME=alexa
OS=Windows_NT
PROCESSOR_IDENTIFIER=Intel64 Family 6 Model 42 Stepping 7, GenuineIntel



---------------  S Y S T E M  ---------------

OS: Windows 10.0 , 64 bit Build 15063 (10.0.15063.296)

CPU:total 4 (initial active 4) (2 cores per cpu, 2 threads per core) family 6 model 42 stepping 7, cmov, cx8, fxsr, mmx, sse, sse2, sse3, ssse3, sse4.1, sse4.2, popcnt, avx, aes, clmul, ht, tsc, tscinvbit

Memory: 4k page, physical 16625428k(262716k free), swap 16625428k(3068k free)

vm_info: Java HotSpot(TM) 64-Bit Server VM (25.131-b11) for windows-amd64 JRE (1.8.0_131-b11), built on Mar 15 2017 01:23:53 by "java_re" with MS VC++ 10.0 (VS2010)

time: Tue Nov 21 16:42:35 2017
elapsed time: 6 seconds (0d 0h 0m 6s)

