#
# A fatal error has been detected by the Java Runtime Environment:
#
#  EXCEPTION_ACCESS_VIOLATION (0xc0000005) at pc=0x0000000075a0fed0, pid=9920, tid=0x0000000000003e10
#
# JRE version: Java(TM) SE Runtime Environment (8.0_152-b16) (build 1.8.0_152-b16)
# Java VM: Java HotSpot(TM) 64-Bit Server VM (25.152-b16 mixed mode windows-amd64 compressed oops)
# Problematic frame:
# V  [jvm.dll+0xafed0]
#
# Failed to write core dump. Minidumps are not enabled by default on client versions of Windows
#
# If you would like to submit a bug report, please visit:
#   http://bugreport.java.com/bugreport/crash.jsp
#

---------------  T H R E A D  ---------------

Current thread (0x00000000048d9000):  GCTaskThread [stack: 0x0000000014430000,0x0000000014530000] [id=15888]

siginfo: ExceptionCode=0xc0000005, reading address 0x0000000000000150

Registers:
RAX=0x0000000014830000, RBX=0x0000000083429cf0, RCX=0x0000000083429cf0, RDX=0x0000000000000148
RSP=0x000000001452f678, RBP=0x00000000049ace50, RSI=0x0000000089d1ed64, RDI=0x0000000083429cf0
R8 =0x000000000001414e, R9 =0x0000000000000000, R10=0x000000000000000c, R11=0x0000000000000000
R12=0x0000000089d1ed68, R13=0x0000000000000002, R14=0x0000000089d1ed50, R15=0x0000000000000002
RIP=0x0000000075a0fed0, EFLAGS=0x0000000000010206

Top of Stack: (sp=0x000000001452f678)
0x000000001452f678:   0000000075a6b7b7 0000000089d1ed50
0x000000001452f688:   0000000075d5cb78 0000000076180860
0x000000001452f698:   0000000000000003 0000000083429cf0
0x000000001452f6a8:   0000000075a9ab9a 000000000000014f
0x000000001452f6b8:   0000000075a74d06 0000000089d1ed50
0x000000001452f6c8:   0000000089d1ed48 00000000049ace50
0x000000001452f6d8:   0000000075a9aca3 0000000000000000
0x000000001452f6e8:   00000000048d95b0 00000000048cf820
0x000000001452f6f8:   000000001452f829 000000000000014f
0x000000001452f708:   0000000075d58a50 00000000049ace50
0x000000001452f718:   00000000049ace50 0000000075fb7ce8
0x000000001452f728:   0000000075fb7ce8 0000000019b298f8
0x000000001452f738:   000000001452f829 0000000000000000
0x000000001452f748:   0000000000000004 00000000049ace50
0x000000001452f758:   0000000075a732e2 0000000081bfe5f8
0x000000001452f768:   0000000000000000 0000000000000000 

Instructions: (pc=0x0000000075a0fed0)
0x0000000075a0feb0:   1c bf 1d 00 48 8b 9c 24 d0 00 00 00 48 81 c4 c0
0x0000000075a0fec0:   00 00 00 5d c3 cc cc cc cc cc cc cc cc cc cc cc
0x0000000075a0fed0:   44 8b 42 08 4c 8b ca 45 85 c0 7e 0e 41 f6 c0 01
0x0000000075a0fee0:   75 57 41 c1 f8 03 41 8b c0 c3 79 4d 80 3d ee 15 


Register to memory mapping:

RAX=0x0000000014830000 is an unknown value
RBX=0x0000000083429cf0 is pointing into object: 0x0000000083429cd8
com.android.dx.dex.code.CodeAddress 
 - klass: 'com/android/dx/dex/code/CodeAddress'
RCX=0x0000000083429cf0 is pointing into object: 0x0000000083429cd8
com.android.dx.dex.code.CodeAddress 
 - klass: 'com/android/dx/dex/code/CodeAddress'
RDX=0x0000000000000148 is an unknown value
RSP=0x000000001452f678 is an unknown value
RBP=0x00000000049ace50 is an unknown value
RSI=0x0000000089d1ed64 is pointing into object: 0x0000000089d1ed50
[Ljava.lang.Object; 
 - klass: 'java/lang/Object'[]
 - length: 2
RDI=0x0000000083429cf0 is pointing into object: 0x0000000083429cd8
com.android.dx.dex.code.CodeAddress 
 - klass: 'com/android/dx/dex/code/CodeAddress'
R8 =0x000000000001414e is an unknown value
R9 =0x0000000000000000 is an unknown value
R10=0x000000000000000c is an unknown value
R11=0x0000000000000000 is an unknown value
R12=0x0000000089d1ed68 is an oop
com.android.dx.dex.code.CodeAddress 
 - klass: 'com/android/dx/dex/code/CodeAddress'
R13=0x0000000000000002 is an unknown value
R14=0x0000000089d1ed50 is an oop
[Ljava.lang.Object; 
 - klass: 'java/lang/Object'[]
 - length: 2
R15=0x0000000000000002 is an unknown value


Stack: [0x0000000014430000,0x0000000014530000],  sp=0x000000001452f678,  free space=1021k
Native frames: (J=compiled Java code, j=interpreted, Vv=VM code, C=native code)
V  [jvm.dll+0xafed0]


---------------  P R O C E S S  ---------------

Java Threads: ( => current thread )
  0x000000001b1fb000 JavaThread "pool-3-thread-1" [_thread_blocked, id=7444, stack(0x000000001b5c0000,0x000000001b6c0000)]
  0x000000001b1f8000 JavaThread "pool-2-thread-1" [_thread_blocked, id=16140, stack(0x000000001b4c0000,0x000000001b5c0000)]
  0x00000000195cd800 JavaThread "Service Thread" daemon [_thread_blocked, id=14596, stack(0x000000001b2c0000,0x000000001b3c0000)]
  0x000000001957d000 JavaThread "C1 CompilerThread2" daemon [_thread_blocked, id=14560, stack(0x000000001adc0000,0x000000001aec0000)]
  0x0000000019575800 JavaThread "C2 CompilerThread1" daemon [_thread_in_native, id=15860, stack(0x000000001acc0000,0x000000001adc0000)]
  0x000000001956f800 JavaThread "C2 CompilerThread0" daemon [_thread_blocked, id=15848, stack(0x000000001abc0000,0x000000001acc0000)]
  0x000000001956e000 JavaThread "Attach Listener" daemon [_thread_blocked, id=14108, stack(0x000000001aac0000,0x000000001abc0000)]
  0x000000001956d000 JavaThread "Signal Dispatcher" daemon [_thread_blocked, id=7764, stack(0x000000001a9c0000,0x000000001aac0000)]
  0x000000001955e000 JavaThread "Finalizer" daemon [_thread_blocked, id=1244, stack(0x000000001a7c0000,0x000000001a8c0000)]
  0x00000000049b3000 JavaThread "Reference Handler" daemon [_thread_blocked, id=1828, stack(0x000000001a6c0000,0x000000001a7c0000)]
  0x00000000048c3000 JavaThread "main" [_thread_blocked, id=15520, stack(0x0000000004720000,0x0000000004820000)]

Other Threads:
  0x0000000019537000 VMThread [stack: 0x000000001a5c0000,0x000000001a6c0000] [id=5364]
  0x00000000195ce800 WatcherThread [stack: 0x000000001b3c0000,0x000000001b4c0000] [id=12652]

=>0x00000000048d9000 (exited) GCTaskThread [stack: 0x0000000014430000,0x0000000014530000] [id=15888]

VM state:at safepoint (normal execution)

VM Mutex/Monitor currently owned by a thread:  ([mutex/lock_event])
[0x00000000048be190] Threads_lock - owner thread: 0x0000000019537000
[0x00000000048be010] Heap_lock - owner thread: 0x00000000048c3000

Heap:
 PSYoungGen      total 559104K, used 69556K [0x00000000d5980000, 0x0000000100000000, 0x0000000100000000)
  eden space 446464K, 0% used [0x00000000d5980000,0x00000000d5980000,0x00000000f0d80000)
  from space 112640K, 61% used [0x00000000f0d80000,0x00000000f516d3e8,0x00000000f7b80000)
  to   space 115712K, 0% used [0x00000000f8f00000,0x00000000f8f00000,0x0000000100000000)
 ParOldGen       total 311808K, used 272138K [0x0000000080c00000, 0x0000000093c80000, 0x00000000d5980000)
  object space 311808K, 87% used [0x0000000080c00000,0x00000000915c2bc8,0x0000000093c80000)
 Metaspace       used 6882K, capacity 7384K, committed 7680K, reserved 1056768K
  class space    used 650K, capacity 656K, committed 768K, reserved 1048576K

Card table byte_map: [0x0000000013d80000,0x0000000014180000] byte_map_base: 0x000000001397a000

Marking Bits: (ParMarkBitMap*) 0x0000000076180860
 Begin Bits: [0x0000000014830000, 0x0000000016800000)
 End Bits:   [0x0000000016800000, 0x00000000187d0000)

Polling page: 0x00000000046d0000

CodeCache: size=245760Kb used=11766Kb max_used=11773Kb free=233993Kb
 bounds [0x00000000049c0000, 0x0000000005550000, 0x00000000139c0000]
 total_blobs=2736 nmethods=2462 adapters=185
 compilation: enabled

Compilation events (10 events):
Event: 13.614 Thread 0x000000001957d000 2951       3       java.util.BitSet::nextClearBit (116 bytes)
Event: 13.614 Thread 0x000000001957d000 nmethod 2951 0x0000000005545110 code [0x0000000005545320, 0x0000000005545df8]
Event: 13.614 Thread 0x000000001957d000 2952       3       com.android.dx.rop.code.Rops::opIfGt (13 bytes)
Event: 13.614 Thread 0x000000001957d000 nmethod 2952 0x0000000005546390 code [0x0000000005546500, 0x0000000005546688]
Event: 13.616 Thread 0x000000001957d000 2953       3       java.util.concurrent.ConcurrentHashMap::get (162 bytes)
Event: 13.616 Thread 0x000000001957d000 nmethod 2953 0x0000000005546710 code [0x0000000005546920, 0x0000000005547498]
Event: 13.621 Thread 0x000000001956f800 nmethod 2944 0x000000000554b210 code [0x000000000554b3a0, 0x000000000554c0c8]
Event: 13.621 Thread 0x000000001956f800 2949       4       com.android.dx.command.dexer.Main$BestEffortMainDexListFilter::accept (89 bytes)
Event: 13.671 Thread 0x000000001957d000 2956       3       java.util.TimSort::mergeCollapse (101 bytes)
Event: 13.672 Thread 0x000000001957d000 nmethod 2956 0x000000000554aa50 code [0x000000000554abe0, 0x000000000554aff8]

GC Heap History (10 events):
Event: 7.910 GC heap after
Heap after GC invocations=9 (full 1):
 PSYoungGen      total 403456K, used 50670K [0x00000000d5980000, 0x00000000fbb80000, 0x0000000100000000)
  eden space 352768K, 0% used [0x00000000d5980000,0x00000000d5980000,0x00000000eb200000)
  from space 50688K, 99% used [0x00000000f8a00000,0x00000000fbb7bb98,0x00000000fbb80000)
  to   space 65536K, 0% used [0x00000000f3b80000,0x00000000f3b80000,0x00000000f7b80000)
 ParOldGen       total 173056K, used 100036K [0x0000000080c00000, 0x000000008b500000, 0x00000000d5980000)
  object space 173056K, 57% used [0x0000000080c00000,0x0000000086db11e8,0x000000008b500000)
 Metaspace       used 6844K, capacity 7384K, committed 7680K, reserved 1056768K
  class space    used 650K, capacity 656K, committed 768K, reserved 1048576K
}
Event: 9.177 GC heap before
{Heap before GC invocations=10 (full 1):
 PSYoungGen      total 403456K, used 403438K [0x00000000d5980000, 0x00000000fbb80000, 0x0000000100000000)
  eden space 352768K, 100% used [0x00000000d5980000,0x00000000eb200000,0x00000000eb200000)
  from space 50688K, 99% used [0x00000000f8a00000,0x00000000fbb7bb98,0x00000000fbb80000)
  to   space 65536K, 0% used [0x00000000f3b80000,0x00000000f3b80000,0x00000000f7b80000)
 ParOldGen       total 173056K, used 100036K [0x0000000080c00000, 0x000000008b500000, 0x00000000d5980000)
  object space 173056K, 57% used [0x0000000080c00000,0x0000000086db11e8,0x000000008b500000)
 Metaspace       used 6860K, capacity 7384K, committed 7680K, reserved 1056768K
  class space    used 650K, capacity 656K, committed 768K, reserved 1048576K
Event: 9.389 GC heap after
Heap after GC invocations=10 (full 1):
 PSYoungGen      total 509952K, used 65527K [0x00000000d5980000, 0x00000000fc580000, 0x0000000100000000)
  eden space 444416K, 0% used [0x00000000d5980000,0x00000000d5980000,0x00000000f0b80000)
  from space 65536K, 99% used [0x00000000f3b80000,0x00000000f7b7de70,0x00000000f7b80000)
  to   space 75776K, 0% used [0x00000000f7b80000,0x00000000f7b80000,0x00000000fc580000)
 ParOldGen       total 173056K, used 146270K [0x0000000080c00000, 0x000000008b500000, 0x00000000d5980000)
  object space 173056K, 84% used [0x0000000080c00000,0x0000000089ad7b28,0x000000008b500000)
 Metaspace       used 6860K, capacity 7384K, committed 7680K, reserved 1056768K
  class space    used 650K, capacity 656K, committed 768K, reserved 1048576K
}
Event: 9.389 GC heap before
{Heap before GC invocations=11 (full 2):
 PSYoungGen      total 509952K, used 65527K [0x00000000d5980000, 0x00000000fc580000, 0x0000000100000000)
  eden space 444416K, 0% used [0x00000000d5980000,0x00000000d5980000,0x00000000f0b80000)
  from space 65536K, 99% used [0x00000000f3b80000,0x00000000f7b7de70,0x00000000f7b80000)
  to   space 75776K, 0% used [0x00000000f7b80000,0x00000000f7b80000,0x00000000fc580000)
 ParOldGen       total 173056K, used 146270K [0x0000000080c00000, 0x000000008b500000, 0x00000000d5980000)
  object space 173056K, 84% used [0x0000000080c00000,0x0000000089ad7b28,0x000000008b500000)
 Metaspace       used 6860K, capacity 7384K, committed 7680K, reserved 1056768K
  class space    used 650K, capacity 656K, committed 768K, reserved 1048576K
Event: 10.619 GC heap after
Heap after GC invocations=11 (full 2):
 PSYoungGen      total 509952K, used 31976K [0x00000000d5980000, 0x00000000fc580000, 0x0000000100000000)
  eden space 444416K, 0% used [0x00000000d5980000,0x00000000d5980000,0x00000000f0b80000)
  from space 65536K, 48% used [0x00000000f3b80000,0x00000000f5aba198,0x00000000f7b80000)
  to   space 75776K, 0% used [0x00000000f7b80000,0x00000000f7b80000,0x00000000fc580000)
 ParOldGen       total 311808K, used 172962K [0x0000000080c00000, 0x0000000093c80000, 0x00000000d5980000)
  object space 311808K, 55% used [0x0000000080c00000,0x000000008b4e8a48,0x0000000093c80000)
 Metaspace       used 6860K, capacity 7384K, committed 7680K, reserved 1056768K
  class space    used 650K, capacity 656K, committed 768K, reserved 1048576K
}
Event: 12.442 GC heap before
{Heap before GC invocations=12 (full 2):
 PSYoungGen      total 509952K, used 476392K [0x00000000d5980000, 0x00000000fc580000, 0x0000000100000000)
  eden space 444416K, 100% used [0x00000000d5980000,0x00000000f0b80000,0x00000000f0b80000)
  from space 65536K, 48% used [0x00000000f3b80000,0x00000000f5aba198,0x00000000f7b80000)
  to   space 75776K, 0% used [0x00000000f7b80000,0x00000000f7b80000,0x00000000fc580000)
 ParOldGen       total 311808K, used 172962K [0x0000000080c00000, 0x0000000093c80000, 0x00000000d5980000)
  object space 311808K, 55% used [0x0000000080c00000,0x000000008b4e8a48,0x0000000093c80000)
 Metaspace       used 6874K, capacity 7384K, committed 7680K, reserved 1056768K
  class space    used 650K, capacity 656K, committed 768K, reserved 1048576K
Event: 12.693 GC heap after
Heap after GC invocations=12 (full 2):
 PSYoungGen      total 522240K, used 75761K [0x00000000d5980000, 0x0000000100000000, 0x0000000100000000)
  eden space 446464K, 0% used [0x00000000d5980000,0x00000000d5980000,0x00000000f0d80000)
  from space 75776K, 99% used [0x00000000f7b80000,0x00000000fc57c500,0x00000000fc580000)
  to   space 112640K, 0% used [0x00000000f0d80000,0x00000000f0d80000,0x00000000f7b80000)
 ParOldGen       total 311808K, used 196149K [0x0000000080c00000, 0x0000000093c80000, 0x00000000d5980000)
  object space 311808K, 62% used [0x0000000080c00000,0x000000008cb8d590,0x0000000093c80000)
 Metaspace       used 6874K, capacity 7384K, committed 7680K, reserved 1056768K
  class space    used 650K, capacity 656K, committed 768K, reserved 1048576K
}
Event: 13.674 GC heap before
{Heap before GC invocations=13 (full 2):
 PSYoungGen      total 522240K, used 522225K [0x00000000d5980000, 0x0000000100000000, 0x0000000100000000)
  eden space 446464K, 100% used [0x00000000d5980000,0x00000000f0d80000,0x00000000f0d80000)
  from space 75776K, 99% used [0x00000000f7b80000,0x00000000fc57c500,0x00000000fc580000)
  to   space 112640K, 0% used [0x00000000f0d80000,0x00000000f0d80000,0x00000000f7b80000)
 ParOldGen       total 311808K, used 196149K [0x0000000080c00000, 0x0000000093c80000, 0x00000000d5980000)
  object space 311808K, 62% used [0x0000000080c00000,0x000000008cb8d590,0x0000000093c80000)
 Metaspace       used 6882K, capacity 7384K, committed 7680K, reserved 1056768K
  class space    used 650K, capacity 656K, committed 768K, reserved 1048576K
Event: 13.912 GC heap after
Heap after GC invocations=13 (full 2):
 PSYoungGen      total 559104K, used 69556K [0x00000000d5980000, 0x0000000100000000, 0x0000000100000000)
  eden space 446464K, 0% used [0x00000000d5980000,0x00000000d5980000,0x00000000f0d80000)
  from space 112640K, 61% used [0x00000000f0d80000,0x00000000f516d3e8,0x00000000f7b80000)
  to   space 115712K, 0% used [0x00000000f8f00000,0x00000000f8f00000,0x0000000100000000)
 ParOldGen       total 311808K, used 272138K [0x0000000080c00000, 0x0000000093c80000, 0x00000000d5980000)
  object space 311808K, 87% used [0x0000000080c00000,0x00000000915c2bc8,0x0000000093c80000)
 Metaspace       used 6882K, capacity 7384K, committed 7680K, reserved 1056768K
  class space    used 650K, capacity 656K, committed 768K, reserved 1048576K
}
Event: 13.912 GC heap before
{Heap before GC invocations=14 (full 3):
 PSYoungGen      total 559104K, used 69556K [0x00000000d5980000, 0x0000000100000000, 0x0000000100000000)
  eden space 446464K, 0% used [0x00000000d5980000,0x00000000d5980000,0x00000000f0d80000)
  from space 112640K, 61% used [0x00000000f0d80000,0x00000000f516d3e8,0x00000000f7b80000)
  to   space 115712K, 0% used [0x00000000f8f00000,0x00000000f8f00000,0x0000000100000000)
 ParOldGen       total 311808K, used 272138K [0x0000000080c00000, 0x0000000093c80000, 0x00000000d5980000)
  object space 311808K, 87% used [0x0000000080c00000,0x00000000915c2bc8,0x0000000093c80000)
 Metaspace       used 6882K, capacity 7384K, committed 7680K, reserved 1056768K
  class space    used 650K, capacity 656K, committed 768K, reserved 1048576K

Deoptimization events (10 events):
Event: 13.011 Thread 0x00000000048c3000 Uncommon trap: reason=bimorphic action=maybe_recompile pc=0x0000000004f6aa14 method=com.android.dx.ssa.LiteralOpUpgrader.tryReplacingWithConstant(Lcom/android/dx/ssa/NormalSsaInsn;)Z @ 62
Event: 13.011 Thread 0x00000000048c3000 Uncommon trap: reason=unstable_if action=reinterpret pc=0x0000000004f37ba4 method=com.android.dx.ssa.LiteralOpUpgrader$1.visitNonMoveInsn(Lcom/android/dx/ssa/NormalSsaInsn;)V @ 24
Event: 13.016 Thread 0x00000000048c3000 Uncommon trap: reason=class_check action=maybe_recompile pc=0x0000000004b6462c method=com.android.dx.ssa.SCCP.replaceConstants()V @ 182
Event: 13.019 Thread 0x00000000048c3000 Uncommon trap: reason=class_check action=maybe_recompile pc=0x0000000004b6462c method=com.android.dx.ssa.SCCP.replaceConstants()V @ 182
Event: 13.041 Thread 0x00000000048c3000 Uncommon trap: reason=bimorphic action=maybe_recompile pc=0x0000000004f6aa14 method=com.android.dx.ssa.LiteralOpUpgrader.tryReplacingWithConstant(Lcom/android/dx/ssa/NormalSsaInsn;)Z @ 62
Event: 13.481 Thread 0x00000000048c3000 Uncommon trap: reason=class_check action=maybe_recompile pc=0x0000000005172760 method=java.util.HashMap$TreeNode.find(ILjava/lang/Object;Ljava/lang/Class;)Ljava/util/HashMap$TreeNode; @ 68
Event: 13.481 Thread 0x00000000048c3000 Uncommon trap: reason=class_check action=maybe_recompile pc=0x0000000005172760 method=java.util.HashMap$TreeNode.find(ILjava/lang/Object;Ljava/lang/Class;)Ljava/util/HashMap$TreeNode; @ 68
Event: 13.596 Thread 0x000000001b1f8000 Uncommon trap: reason=unstable_if action=reinterpret pc=0x000000000543341c method=java.util.concurrent.ConcurrentHashMap.putVal(Ljava/lang/Object;Ljava/lang/Object;Z)Ljava/lang/Object; @ 113
Event: 13.597 Thread 0x000000001b1f8000 Uncommon trap: reason=unstable_if action=reinterpret pc=0x0000000004eba228 method=java.util.concurrent.ConcurrentHashMap.get(Ljava/lang/Object;)Ljava/lang/Object; @ 86
Event: 13.597 Thread 0x000000001b1f8000 Uncommon trap: reason=unstable_if action=reinterpret pc=0x0000000005084a28 method=java.util.concurrent.ConcurrentHashMap.get(Ljava/lang/Object;)Ljava/lang/Object; @ 86

Classes redefined (0 events):
No events

Internal exceptions (9 events):
Event: 0.031 Thread 0x00000000048c3000 Exception <a 'java/lang/NoSuchMethodError': Method sun.misc.Unsafe.defineClass(Ljava/lang/String;[BII)Ljava/lang/Class; name or signature does not match> (0x00000000d5987ca8) thrown at [C:\re\workspace\8-2-build-windows-amd64-cygwin\jdk8u152\9742\hotspot\
Event: 0.031 Thread 0x00000000048c3000 Exception <a 'java/lang/NoSuchMethodError': Method sun.misc.Unsafe.prefetchRead(Ljava/lang/Object;J)V name or signature does not match> (0x00000000d5987f90) thrown at [C:\re\workspace\8-2-build-windows-amd64-cygwin\jdk8u152\9742\hotspot\src\share\vm\prims
Event: 0.670 Thread 0x00000000048c3000 Implicit null exception at 0x0000000004d3c462 to 0x0000000004d3c552
Event: 2.542 Thread 0x000000001b1f8000 Exception <a 'java/lang/ArrayIndexOutOfBoundsException': 18> (0x00000000d911c558) thrown at [C:\re\workspace\8-2-build-windows-amd64-cygwin\jdk8u152\9742\hotspot\src\share\vm\interpreter\interpreterRuntime.cpp, line 366]
Event: 2.543 Thread 0x000000001b1f8000 Exception <a 'java/lang/ArrayIndexOutOfBoundsException': 145> (0x00000000d911e0d8) thrown at [C:\re\workspace\8-2-build-windows-amd64-cygwin\jdk8u152\9742\hotspot\src\share\vm\interpreter\interpreterRuntime.cpp, line 366]
Event: 2.543 Thread 0x000000001b1f8000 Exception <a 'java/lang/ArrayIndexOutOfBoundsException'> (0x00000000d911f3c0) thrown at [C:\re\workspace\8-2-build-windows-amd64-cygwin\jdk8u152\9742\hotspot\src\share\vm\runtime\sharedRuntime.cpp, line 605]
Event: 3.873 Thread 0x00000000048c3000 Implicit null exception at 0x00000000052c5518 to 0x00000000052c5805
Event: 3.873 Thread 0x00000000048c3000 Implicit null exception at 0x0000000004fa8e9f to 0x0000000004fa9bb1
Event: 3.874 Thread 0x00000000048c3000 Implicit null exception at 0x000000000533b6f4 to 0x000000000533ed2d

Events (10 events):
Event: 13.596 Thread 0x000000001b1f8000 DEOPT UNPACKING pc=0x0000000004a0582a sp=0x000000001b5be1a8 mode 2
Event: 13.597 Thread 0x000000001b1f8000 Uncommon trap: trap_request=0xffffff65 fr.pc=0x0000000004eba228
Event: 13.597 Thread 0x000000001b1f8000 DEOPT PACKING pc=0x0000000004eba228 sp=0x000000001b5be9f0
Event: 13.597 Thread 0x000000001b1f8000 DEOPT UNPACKING pc=0x0000000004a0582a sp=0x000000001b5be910 mode 2
Event: 13.597 Thread 0x000000001b1f8000 Uncommon trap: trap_request=0xffffff65 fr.pc=0x0000000005084a28
Event: 13.597 Thread 0x000000001b1f8000 DEOPT PACKING pc=0x0000000005084a28 sp=0x000000001b5be980
Event: 13.597 Thread 0x000000001b1f8000 DEOPT UNPACKING pc=0x0000000004a0582a sp=0x000000001b5be900 mode 2
Event: 13.608 Thread 0x00000000048c3000 DEOPT PACKING pc=0x0000000004cda5ac sp=0x000000000481e8f0
Event: 13.608 Thread 0x00000000048c3000 DEOPT UNPACKING pc=0x0000000004a0787f sp=0x000000000481e6b8 mode 0
Event: 13.674 Executing VM operation: ParallelGCFailedAllocation


Dynamic libraries:
0x00007ff645620000 - 0x00007ff645657000 	C:\Program Files\Java\jdk1.8.0_152\bin\java.exe
0x00007ffba0db0000 - 0x00007ffba0f90000 	C:\WINDOWS\SYSTEM32\ntdll.dll
0x00007ffba0cb0000 - 0x00007ffba0d5e000 	C:\WINDOWS\System32\KERNEL32.DLL
0x00007ffb9dba0000 - 0x00007ffb9de06000 	C:\WINDOWS\System32\KERNELBASE.dll
0x00007ffb9ef10000 - 0x00007ffb9efb1000 	C:\WINDOWS\System32\ADVAPI32.dll
0x00007ffb9e620000 - 0x00007ffb9e6bd000 	C:\WINDOWS\System32\msvcrt.dll
0x00007ffb9e840000 - 0x00007ffb9e89b000 	C:\WINDOWS\System32\sechost.dll
0x00007ffb9e720000 - 0x00007ffb9e83f000 	C:\WINDOWS\System32\RPCRT4.dll
0x00007ffb9e400000 - 0x00007ffb9e58f000 	C:\WINDOWS\System32\USER32.dll
0x00007ffb9d350000 - 0x00007ffb9d370000 	C:\WINDOWS\System32\win32u.dll
0x00007ffb9f790000 - 0x00007ffb9f7b8000 	C:\WINDOWS\System32\GDI32.dll
0x00007ffb9de60000 - 0x00007ffb9dff3000 	C:\WINDOWS\System32\gdi32full.dll
0x00007ffb9d2b0000 - 0x00007ffb9d34b000 	C:\WINDOWS\System32\msvcp_win.dll
0x00007ffb9d1b0000 - 0x00007ffb9d2a6000 	C:\WINDOWS\System32\ucrtbase.dll
0x00007ffb8ce80000 - 0x00007ffb8d0e9000 	C:\WINDOWS\WinSxS\amd64_microsoft.windows.common-controls_6595b64144ccf1df_6.0.16299.192_none_15c8cdae9364c23b\COMCTL32.dll
0x00007ffb9e9b0000 - 0x00007ffb9ecb8000 	C:\WINDOWS\System32\combase.dll
0x00007ffb9d370000 - 0x00007ffb9d3e2000 	C:\WINDOWS\System32\bcryptPrimitives.dll
0x00007ffb9eee0000 - 0x00007ffb9ef0d000 	C:\WINDOWS\System32\IMM32.DLL
0x0000000050690000 - 0x0000000050762000 	C:\Program Files\Java\jdk1.8.0_152\jre\bin\msvcr100.dll
0x0000000075960000 - 0x0000000076200000 	C:\Program Files\Java\jdk1.8.0_152\jre\bin\server\jvm.dll
0x00007ffb9e3f0000 - 0x00007ffb9e3f8000 	C:\WINDOWS\System32\PSAPI.DLL
0x00007ffb92d60000 - 0x00007ffb92d69000 	C:\WINDOWS\SYSTEM32\WSOCK32.dll
0x00007ffb9ae90000 - 0x00007ffb9aeb3000 	C:\WINDOWS\SYSTEM32\WINMM.dll
0x00007ffb95a90000 - 0x00007ffb95a9a000 	C:\WINDOWS\SYSTEM32\VERSION.dll
0x00007ffb9f720000 - 0x00007ffb9f78c000 	C:\WINDOWS\System32\WS2_32.dll
0x00007ffb9ae30000 - 0x00007ffb9ae5a000 	C:\WINDOWS\SYSTEM32\WINMMBASE.dll
0x00007ffb9de10000 - 0x00007ffb9de5a000 	C:\WINDOWS\System32\cfgmgr32.dll
0x0000000050680000 - 0x000000005068f000 	C:\Program Files\Java\jdk1.8.0_152\jre\bin\verify.dll
0x0000000050650000 - 0x0000000050679000 	C:\Program Files\Java\jdk1.8.0_152\jre\bin\java.dll
0x0000000050630000 - 0x0000000050646000 	C:\Program Files\Java\jdk1.8.0_152\jre\bin\zip.dll
0x00007ffb9f870000 - 0x00007ffba0ca6000 	C:\WINDOWS\System32\SHELL32.dll
0x00007ffb9f7c0000 - 0x00007ffb9f866000 	C:\WINDOWS\System32\shcore.dll
0x00007ffb9d450000 - 0x00007ffb9db97000 	C:\WINDOWS\System32\windows.storage.dll
0x00007ffb9efc0000 - 0x00007ffb9f011000 	C:\WINDOWS\System32\shlwapi.dll
0x00007ffb9d190000 - 0x00007ffb9d1a1000 	C:\WINDOWS\System32\kernel.appcore.dll
0x00007ffb9d140000 - 0x00007ffb9d18c000 	C:\WINDOWS\System32\powrprof.dll
0x00007ffb9d100000 - 0x00007ffb9d11b000 	C:\WINDOWS\System32\profapi.dll
0x00007ffb93240000 - 0x00007ffb93408000 	C:\WINDOWS\SYSTEM32\dbghelp.dll

VM Arguments:
java_command: C:\Program Files (x86)\Android\android-sdk\build-tools\27.0.2\\lib\dx.jar --dex --no-strict --multi-dex --main-dex-list=obj\Debug\multidex.keep --output obj\Debug\android\bin E:\ProjetosSSAT\Tracking\Droid\obj\Debug\android\bin\classes\classes.zip C:\Program Files (x86)\Microsoft Visual Studio\2017\Enterprise\Common7\IDE\ReferenceAssemblies\Microsoft\Framework\MonoAndroid\v8.0\mono.android.jar C:\Program Files (x86)\Microsoft Visual Studio\2017\Enterprise\MSBuild\Xamarin\Android\android-support-multidex.jar obj\Debug\lp\11\jl\bin\classes.jar obj\Debug\lp\20\jl\arch-core-common.jar obj\Debug\lp\21\jl\arch-lifecycle-common.jar obj\Debug\lp\22\jl\bin\classes.jar obj\Debug\lp\23\jl\bin\classes.jar obj\Debug\lp\25\jl\bin\classes.jar obj\Debug\lp\26\jl\bin\classes.jar obj\Debug\lp\27\jl\bin\classes.jar obj\Debug\lp\28\jl\bin\classes.jar obj\Debug\lp\29\jl\bin\classes.jar obj\Debug\lp\3\jl\formsviewgroup.jar obj\Debug\lp\30\jl\bin\classes.jar obj\Debug\lp\31\jl\bin\classes.jar obj\Debug\lp\32\jl\bin\classes.jar obj\Debug\lp\33\jl\bin\classes.jar obj\Debug\lp\34\jl\bin\classes.jar obj\Debug\lp\35\jl\bin\classes.jar obj\Debug\lp\36\jl\bin\classes.jar obj\Debug\lp\37\jl\bin\classes.jar obj\Debug\lp\38\jl\bin\classes.jar obj\Debug\lp\4\jl\bin\classes.jar obj\Debug\lp\45\jl\classes.jar obj\Debug\lp\46\jl\classes.jar obj\Debug\lp\47\jl\classes.jar obj\Debug\lp\48\jl\classes.jar obj\Debug\lp\49\jl\classes.jar obj\Debug\lp\50\jl\classes.jar obj\Debug\lp\6\jl\bin\classes.jar obj\Debug\lp\7\jl\bin\classes.jar
java_class_path (initial): C:\Program Files (x86)\Android\android-sdk\build-tools\27.0.2\\lib\dx.jar
Launcher Type: SUN_STANDARD

Environment Variables:
PATH=C:\Program Files (x86)\Microsoft Visual Studio\2017\Enterprise\Common7\IDE\CommonExtensions\Microsoft\TeamFoundation\Team Explorer\NativeBinaries\x86;C:\Program Files\Java\jdk1.8.0_152\bin;C:\WINDOWS\system32;C:\WINDOWS;C:\WINDOWS\System32\Wbem;C:\WINDOWS\System32\WindowsPowerShell\v1.0\;C:\Program Files (x86)\ATI Technologies\ATI.ACE\Core-Static;C:\Program Files\Microsoft SQL Server\120\Tools\Binn\;C:\Program Files\Microsoft SQL Server\130\Tools\Binn\;C:\Program Files (x86)\nodejs\;C:\Program Files\Git\cmd;C:\Program Files (x86)\Skype\Phone\;C:\Program Files (x86)\dotnet\;C:\Program Files\Microsoft DNX\Dnvm\;C:\Program Files\dotnet\;C:\Program Files (x86)\Calibre2\;C:\Program Files (x86)\Microsoft SQL Server\Client SDK\ODBC\130\Tools\Binn\;C:\Program Files (x86)\Microsoft SQL Server\140\Tools\Binn\;C:\Program Files (x86)\Microsoft SQL Server\140\DTS\Binn\;C:\Program Files (x86)\Microsoft SQL Server\140\Tools\Binn\ManagementStudio\;C:\Users\Alexandre.Gois\AppData\Local\Microsoft\WindowsApps
USERNAME=Alexandre.Gois
OS=Windows_NT
PROCESSOR_IDENTIFIER=Intel64 Family 6 Model 58 Stepping 9, GenuineIntel



---------------  S Y S T E M  ---------------

OS: Windows 10.0 , 64 bit Build 16299 (10.0.16299.15)

CPU:total 4 (initial active 4) (4 cores per cpu, 1 threads per core) family 6 model 58 stepping 9, cmov, cx8, fxsr, mmx, sse, sse2, sse3, ssse3, sse4.1, sse4.2, popcnt, avx, aes, clmul, erms, tsc, tscinvbit, tscinv

Memory: 4k page, physical 8333444k(783416k free), swap 17506096k(2019024k free)

vm_info: Java HotSpot(TM) 64-Bit Server VM (25.152-b16) for windows-amd64 JRE (1.8.0_152-b16), built on Sep 14 2017 02:29:36 by "java_re" with MS VC++ 10.0 (VS2010)

time: Fri Feb 02 11:25:53 2018
elapsed time: 14 seconds (0d 0h 0m 14s)

